[1.130s] DEBUG:colcon:Command line arguments: ['/usr/bin/colcon', 'build', '--packages-select', 'warehouse_robot_description']
[1.131s] DEBUG:colcon:Parsed command line arguments: Namespace(log_base=None, log_level=None, verb_name='build', build_base='build', install_base='install', merge_install=False, symlink_install=False, test_result_base=None, continue_on_error=False, executor='parallel', parallel_workers=16, event_handlers=None, ignore_user_meta=False, metas=['./colcon.meta'], base_paths=['.'], packages_ignore=None, packages_ignore_regex=None, paths=None, packages_up_to=None, packages_up_to_regex=None, packages_above=None, packages_above_and_dependencies=None, packages_above_depth=None, packages_select_by_dep=None, packages_skip_by_dep=None, packages_skip_up_to=None, packages_select_build_failed=False, packages_skip_build_finished=False, packages_select_test_failures=False, packages_skip_test_passed=False, packages_select=['warehouse_robot_description'], packages_skip=None, packages_select_regex=None, packages_skip_regex=None, packages_start=None, packages_end=None, allow_overriding=[], cmake_args=None, cmake_target=None, cmake_target_skip_unavailable=False, cmake_clean_cache=False, cmake_clean_first=False, cmake_force_configure=False, ament_cmake_args=None, catkin_cmake_args=None, catkin_skip_building_tests=False, verb_parser=<colcon_defaults.argument_parser.defaults.DefaultArgumentsDecorator object at 0x7fae9a9bbc10>, verb_extension=<colcon_core.verb.build.BuildVerb object at 0x7fae9a9bb670>, main=<bound method BuildVerb.main of <colcon_core.verb.build.BuildVerb object at 0x7fae9a9bb670>>)
[2.229s] Level 1:colcon.colcon_core.package_discovery:discover_packages(colcon_meta) check parameters
[2.229s] Level 1:colcon.colcon_core.package_discovery:discover_packages(recursive) check parameters
[2.229s] Level 1:colcon.colcon_core.package_discovery:discover_packages(ignore) check parameters
[2.230s] Level 1:colcon.colcon_core.package_discovery:discover_packages(path) check parameters
[2.230s] Level 1:colcon.colcon_core.package_discovery:discover_packages(colcon_meta) discover
[2.230s] Level 1:colcon.colcon_core.package_discovery:discover_packages(recursive) discover
[2.230s] INFO:colcon.colcon_core.package_discovery:Crawling recursively for packages in '/home/agam8/ros2_proj'
[2.230s] Level 1:colcon.colcon_core.package_identification:_identify(.) by extensions ['ignore', 'ignore_ament_install']
[2.231s] Level 1:colcon.colcon_core.package_identification:_identify(.) by extension 'ignore'
[2.231s] Level 1:colcon.colcon_core.package_identification:_identify(.) by extension 'ignore_ament_install'
[2.231s] Level 1:colcon.colcon_core.package_identification:_identify(.) by extensions ['colcon_pkg']
[2.231s] Level 1:colcon.colcon_core.package_identification:_identify(.) by extension 'colcon_pkg'
[2.231s] Level 1:colcon.colcon_core.package_identification:_identify(.) by extensions ['colcon_meta']
[2.231s] Level 1:colcon.colcon_core.package_identification:_identify(.) by extension 'colcon_meta'
[2.231s] Level 1:colcon.colcon_core.package_identification:_identify(.) by extensions ['ros']
[2.231s] Level 1:colcon.colcon_core.package_identification:_identify(.) by extension 'ros'
[2.279s] Level 1:colcon.colcon_core.package_identification:_identify(.) by extensions ['cmake', 'python']
[2.280s] Level 1:colcon.colcon_core.package_identification:_identify(.) by extension 'cmake'
[2.280s] Level 1:colcon.colcon_core.package_identification:_identify(.) by extension 'python'
[2.280s] Level 1:colcon.colcon_core.package_identification:_identify(.) by extensions ['python_setup_py']
[2.280s] Level 1:colcon.colcon_core.package_identification:_identify(.) by extension 'python_setup_py'
[2.281s] Level 1:colcon.colcon_core.package_identification:_identify(build) by extensions ['ignore', 'ignore_ament_install']
[2.281s] Level 1:colcon.colcon_core.package_identification:_identify(build) by extension 'ignore'
[2.281s] Level 1:colcon.colcon_core.package_identification:_identify(build) ignored
[2.281s] Level 1:colcon.colcon_core.package_identification:_identify(install) by extensions ['ignore', 'ignore_ament_install']
[2.282s] Level 1:colcon.colcon_core.package_identification:_identify(install) by extension 'ignore'
[2.282s] Level 1:colcon.colcon_core.package_identification:_identify(install) ignored
[2.282s] Level 1:colcon.colcon_core.package_identification:_identify(log) by extensions ['ignore', 'ignore_ament_install']
[2.283s] Level 1:colcon.colcon_core.package_identification:_identify(log) by extension 'ignore'
[2.283s] Level 1:colcon.colcon_core.package_identification:_identify(log) ignored
[2.283s] Level 1:colcon.colcon_core.package_identification:_identify(src) by extensions ['ignore', 'ignore_ament_install']
[2.283s] Level 1:colcon.colcon_core.package_identification:_identify(src) by extension 'ignore'
[2.283s] Level 1:colcon.colcon_core.package_identification:_identify(src) by extension 'ignore_ament_install'
[2.284s] Level 1:colcon.colcon_core.package_identification:_identify(src) by extensions ['colcon_pkg']
[2.284s] Level 1:colcon.colcon_core.package_identification:_identify(src) by extension 'colcon_pkg'
[2.284s] Level 1:colcon.colcon_core.package_identification:_identify(src) by extensions ['colcon_meta']
[2.284s] Level 1:colcon.colcon_core.package_identification:_identify(src) by extension 'colcon_meta'
[2.284s] Level 1:colcon.colcon_core.package_identification:_identify(src) by extensions ['ros']
[2.284s] Level 1:colcon.colcon_core.package_identification:_identify(src) by extension 'ros'
[2.284s] Level 1:colcon.colcon_core.package_identification:_identify(src) by extensions ['cmake', 'python']
[2.284s] Level 1:colcon.colcon_core.package_identification:_identify(src) by extension 'cmake'
[2.285s] Level 1:colcon.colcon_core.package_identification:_identify(src) by extension 'python'
[2.285s] Level 1:colcon.colcon_core.package_identification:_identify(src) by extensions ['python_setup_py']
[2.285s] Level 1:colcon.colcon_core.package_identification:_identify(src) by extension 'python_setup_py'
[2.285s] Level 1:colcon.colcon_core.package_identification:_identify(src/warehouse_bot) by extensions ['ignore', 'ignore_ament_install']
[2.285s] Level 1:colcon.colcon_core.package_identification:_identify(src/warehouse_bot) by extension 'ignore'
[2.286s] Level 1:colcon.colcon_core.package_identification:_identify(src/warehouse_bot) by extension 'ignore_ament_install'
[2.286s] Level 1:colcon.colcon_core.package_identification:_identify(src/warehouse_bot) by extensions ['colcon_pkg']
[2.286s] Level 1:colcon.colcon_core.package_identification:_identify(src/warehouse_bot) by extension 'colcon_pkg'
[2.286s] Level 1:colcon.colcon_core.package_identification:_identify(src/warehouse_bot) by extensions ['colcon_meta']
[2.286s] Level 1:colcon.colcon_core.package_identification:_identify(src/warehouse_bot) by extension 'colcon_meta'
[2.286s] Level 1:colcon.colcon_core.package_identification:_identify(src/warehouse_bot) by extensions ['ros']
[2.286s] Level 1:colcon.colcon_core.package_identification:_identify(src/warehouse_bot) by extension 'ros'
[2.287s] Level 1:colcon.colcon_core.package_identification:_identify(src/warehouse_bot) by extensions ['cmake', 'python']
[2.287s] Level 1:colcon.colcon_core.package_identification:_identify(src/warehouse_bot) by extension 'cmake'
[2.287s] Level 1:colcon.colcon_core.package_identification:_identify(src/warehouse_bot) by extension 'python'
[2.287s] Level 1:colcon.colcon_core.package_identification:_identify(src/warehouse_bot) by extensions ['python_setup_py']
[2.287s] Level 1:colcon.colcon_core.package_identification:_identify(src/warehouse_bot) by extension 'python_setup_py'
[2.287s] Level 1:colcon.colcon_core.package_identification:_identify(src/warehouse_bot/config) by extensions ['ignore', 'ignore_ament_install']
[2.288s] Level 1:colcon.colcon_core.package_identification:_identify(src/warehouse_bot/config) by extension 'ignore'
[2.288s] Level 1:colcon.colcon_core.package_identification:_identify(src/warehouse_bot/config) by extension 'ignore_ament_install'
[2.288s] Level 1:colcon.colcon_core.package_identification:_identify(src/warehouse_bot/config) by extensions ['colcon_pkg']
[2.288s] Level 1:colcon.colcon_core.package_identification:_identify(src/warehouse_bot/config) by extension 'colcon_pkg'
[2.288s] Level 1:colcon.colcon_core.package_identification:_identify(src/warehouse_bot/config) by extensions ['colcon_meta']
[2.288s] Level 1:colcon.colcon_core.package_identification:_identify(src/warehouse_bot/config) by extension 'colcon_meta'
[2.288s] Level 1:colcon.colcon_core.package_identification:_identify(src/warehouse_bot/config) by extensions ['ros']
[2.288s] Level 1:colcon.colcon_core.package_identification:_identify(src/warehouse_bot/config) by extension 'ros'
[2.289s] Level 1:colcon.colcon_core.package_identification:_identify(src/warehouse_bot/config) by extensions ['cmake', 'python']
[2.289s] Level 1:colcon.colcon_core.package_identification:_identify(src/warehouse_bot/config) by extension 'cmake'
[2.289s] Level 1:colcon.colcon_core.package_identification:_identify(src/warehouse_bot/config) by extension 'python'
[2.289s] Level 1:colcon.colcon_core.package_identification:_identify(src/warehouse_bot/config) by extensions ['python_setup_py']
[2.289s] Level 1:colcon.colcon_core.package_identification:_identify(src/warehouse_bot/config) by extension 'python_setup_py'
[2.289s] Level 1:colcon.colcon_core.package_identification:_identify(src/warehouse_bot/launch) by extensions ['ignore', 'ignore_ament_install']
[2.290s] Level 1:colcon.colcon_core.package_identification:_identify(src/warehouse_bot/launch) by extension 'ignore'
[2.290s] Level 1:colcon.colcon_core.package_identification:_identify(src/warehouse_bot/launch) by extension 'ignore_ament_install'
[2.290s] Level 1:colcon.colcon_core.package_identification:_identify(src/warehouse_bot/launch) by extensions ['colcon_pkg']
[2.290s] Level 1:colcon.colcon_core.package_identification:_identify(src/warehouse_bot/launch) by extension 'colcon_pkg'
[2.290s] Level 1:colcon.colcon_core.package_identification:_identify(src/warehouse_bot/launch) by extensions ['colcon_meta']
[2.290s] Level 1:colcon.colcon_core.package_identification:_identify(src/warehouse_bot/launch) by extension 'colcon_meta'
[2.290s] Level 1:colcon.colcon_core.package_identification:_identify(src/warehouse_bot/launch) by extensions ['ros']
[2.291s] Level 1:colcon.colcon_core.package_identification:_identify(src/warehouse_bot/launch) by extension 'ros'
[2.291s] Level 1:colcon.colcon_core.package_identification:_identify(src/warehouse_bot/launch) by extensions ['cmake', 'python']
[2.291s] Level 1:colcon.colcon_core.package_identification:_identify(src/warehouse_bot/launch) by extension 'cmake'
[2.291s] Level 1:colcon.colcon_core.package_identification:_identify(src/warehouse_bot/launch) by extension 'python'
[2.291s] Level 1:colcon.colcon_core.package_identification:_identify(src/warehouse_bot/launch) by extensions ['python_setup_py']
[2.291s] Level 1:colcon.colcon_core.package_identification:_identify(src/warehouse_bot/launch) by extension 'python_setup_py'
[2.291s] Level 1:colcon.colcon_core.package_identification:_identify(src/warehouse_bot/scripts) by extensions ['ignore', 'ignore_ament_install']
[2.292s] Level 1:colcon.colcon_core.package_identification:_identify(src/warehouse_bot/scripts) by extension 'ignore'
[2.292s] Level 1:colcon.colcon_core.package_identification:_identify(src/warehouse_bot/scripts) by extension 'ignore_ament_install'
[2.292s] Level 1:colcon.colcon_core.package_identification:_identify(src/warehouse_bot/scripts) by extensions ['colcon_pkg']
[2.292s] Level 1:colcon.colcon_core.package_identification:_identify(src/warehouse_bot/scripts) by extension 'colcon_pkg'
[2.292s] Level 1:colcon.colcon_core.package_identification:_identify(src/warehouse_bot/scripts) by extensions ['colcon_meta']
[2.292s] Level 1:colcon.colcon_core.package_identification:_identify(src/warehouse_bot/scripts) by extension 'colcon_meta'
[2.293s] Level 1:colcon.colcon_core.package_identification:_identify(src/warehouse_bot/scripts) by extensions ['ros']
[2.293s] Level 1:colcon.colcon_core.package_identification:_identify(src/warehouse_bot/scripts) by extension 'ros'
[2.293s] Level 1:colcon.colcon_core.package_identification:_identify(src/warehouse_bot/scripts) by extensions ['cmake', 'python']
[2.293s] Level 1:colcon.colcon_core.package_identification:_identify(src/warehouse_bot/scripts) by extension 'cmake'
[2.293s] Level 1:colcon.colcon_core.package_identification:_identify(src/warehouse_bot/scripts) by extension 'python'
[2.293s] Level 1:colcon.colcon_core.package_identification:_identify(src/warehouse_bot/scripts) by extensions ['python_setup_py']
[2.293s] Level 1:colcon.colcon_core.package_identification:_identify(src/warehouse_bot/scripts) by extension 'python_setup_py'
[2.294s] Level 1:colcon.colcon_core.package_identification:_identify(src/warehouse_bot/urdf) by extensions ['ignore', 'ignore_ament_install']
[2.294s] Level 1:colcon.colcon_core.package_identification:_identify(src/warehouse_bot/urdf) by extension 'ignore'
[2.294s] Level 1:colcon.colcon_core.package_identification:_identify(src/warehouse_bot/urdf) by extension 'ignore_ament_install'
[2.294s] Level 1:colcon.colcon_core.package_identification:_identify(src/warehouse_bot/urdf) by extensions ['colcon_pkg']
[2.294s] Level 1:colcon.colcon_core.package_identification:_identify(src/warehouse_bot/urdf) by extension 'colcon_pkg'
[2.294s] Level 1:colcon.colcon_core.package_identification:_identify(src/warehouse_bot/urdf) by extensions ['colcon_meta']
[2.295s] Level 1:colcon.colcon_core.package_identification:_identify(src/warehouse_bot/urdf) by extension 'colcon_meta'
[2.295s] Level 1:colcon.colcon_core.package_identification:_identify(src/warehouse_bot/urdf) by extensions ['ros']
[2.295s] Level 1:colcon.colcon_core.package_identification:_identify(src/warehouse_bot/urdf) by extension 'ros'
[2.295s] Level 1:colcon.colcon_core.package_identification:_identify(src/warehouse_bot/urdf) by extensions ['cmake', 'python']
[2.295s] Level 1:colcon.colcon_core.package_identification:_identify(src/warehouse_bot/urdf) by extension 'cmake'
[2.295s] Level 1:colcon.colcon_core.package_identification:_identify(src/warehouse_bot/urdf) by extension 'python'
[2.295s] Level 1:colcon.colcon_core.package_identification:_identify(src/warehouse_bot/urdf) by extensions ['python_setup_py']
[2.295s] Level 1:colcon.colcon_core.package_identification:_identify(src/warehouse_bot/urdf) by extension 'python_setup_py'
[2.296s] Level 1:colcon.colcon_core.package_identification:_identify(src/warehouse_bot/worlds) by extensions ['ignore', 'ignore_ament_install']
[2.296s] Level 1:colcon.colcon_core.package_identification:_identify(src/warehouse_bot/worlds) by extension 'ignore'
[2.296s] Level 1:colcon.colcon_core.package_identification:_identify(src/warehouse_bot/worlds) by extension 'ignore_ament_install'
[2.296s] Level 1:colcon.colcon_core.package_identification:_identify(src/warehouse_bot/worlds) by extensions ['colcon_pkg']
[2.296s] Level 1:colcon.colcon_core.package_identification:_identify(src/warehouse_bot/worlds) by extension 'colcon_pkg'
[2.296s] Level 1:colcon.colcon_core.package_identification:_identify(src/warehouse_bot/worlds) by extensions ['colcon_meta']
[2.297s] Level 1:colcon.colcon_core.package_identification:_identify(src/warehouse_bot/worlds) by extension 'colcon_meta'
[2.297s] Level 1:colcon.colcon_core.package_identification:_identify(src/warehouse_bot/worlds) by extensions ['ros']
[2.297s] Level 1:colcon.colcon_core.package_identification:_identify(src/warehouse_bot/worlds) by extension 'ros'
[2.297s] Level 1:colcon.colcon_core.package_identification:_identify(src/warehouse_bot/worlds) by extensions ['cmake', 'python']
[2.297s] Level 1:colcon.colcon_core.package_identification:_identify(src/warehouse_bot/worlds) by extension 'cmake'
[2.297s] Level 1:colcon.colcon_core.package_identification:_identify(src/warehouse_bot/worlds) by extension 'python'
[2.297s] Level 1:colcon.colcon_core.package_identification:_identify(src/warehouse_bot/worlds) by extensions ['python_setup_py']
[2.298s] Level 1:colcon.colcon_core.package_identification:_identify(src/warehouse_bot/worlds) by extension 'python_setup_py'
[2.298s] Level 1:colcon.colcon_core.package_identification:_identify(src/warehouse_robot_description) by extensions ['ignore', 'ignore_ament_install']
[2.298s] Level 1:colcon.colcon_core.package_identification:_identify(src/warehouse_robot_description) by extension 'ignore'
[2.298s] Level 1:colcon.colcon_core.package_identification:_identify(src/warehouse_robot_description) by extension 'ignore_ament_install'
[2.298s] Level 1:colcon.colcon_core.package_identification:_identify(src/warehouse_robot_description) by extensions ['colcon_pkg']
[2.299s] Level 1:colcon.colcon_core.package_identification:_identify(src/warehouse_robot_description) by extension 'colcon_pkg'
[2.299s] Level 1:colcon.colcon_core.package_identification:_identify(src/warehouse_robot_description) by extensions ['colcon_meta']
[2.299s] Level 1:colcon.colcon_core.package_identification:_identify(src/warehouse_robot_description) by extension 'colcon_meta'
[2.299s] Level 1:colcon.colcon_core.package_identification:_identify(src/warehouse_robot_description) by extensions ['ros']
[2.299s] Level 1:colcon.colcon_core.package_identification:_identify(src/warehouse_robot_description) by extension 'ros'
[2.313s] DEBUG:colcon.colcon_core.package_identification:Package 'src/warehouse_robot_description' with type 'ros.ament_cmake' and name 'warehouse_robot_description'
[2.314s] Level 1:colcon.colcon_core.package_discovery:discover_packages(recursive) using defaults
[2.314s] Level 1:colcon.colcon_core.package_discovery:discover_packages(ignore) discover
[2.314s] Level 1:colcon.colcon_core.package_discovery:discover_packages(ignore) using defaults
[2.314s] Level 1:colcon.colcon_core.package_discovery:discover_packages(path) discover
[2.314s] Level 1:colcon.colcon_core.package_discovery:discover_packages(path) using defaults
[2.400s] Level 1:colcon.colcon_core.package_discovery:discover_packages(prefix_path) check parameters
[2.401s] Level 1:colcon.colcon_core.package_discovery:discover_packages(prefix_path) discover
[2.416s] DEBUG:colcon.colcon_installed_package_information.package_discovery:Found 1 installed packages in /home/agam8/ros2_proj/install
[2.419s] DEBUG:colcon.colcon_installed_package_information.package_discovery:Found 312 installed packages in /opt/ros/humble
[2.445s] Level 1:colcon.colcon_core.package_discovery:discover_packages(prefix_path) using defaults
[2.556s] Level 5:colcon.colcon_core.verb:set package 'warehouse_robot_description' build argument 'cmake_args' from command line to 'None'
[2.556s] Level 5:colcon.colcon_core.verb:set package 'warehouse_robot_description' build argument 'cmake_target' from command line to 'None'
[2.556s] Level 5:colcon.colcon_core.verb:set package 'warehouse_robot_description' build argument 'cmake_target_skip_unavailable' from command line to 'False'
[2.556s] Level 5:colcon.colcon_core.verb:set package 'warehouse_robot_description' build argument 'cmake_clean_cache' from command line to 'False'
[2.557s] Level 5:colcon.colcon_core.verb:set package 'warehouse_robot_description' build argument 'cmake_clean_first' from command line to 'False'
[2.557s] Level 5:colcon.colcon_core.verb:set package 'warehouse_robot_description' build argument 'cmake_force_configure' from command line to 'False'
[2.557s] Level 5:colcon.colcon_core.verb:set package 'warehouse_robot_description' build argument 'ament_cmake_args' from command line to 'None'
[2.557s] Level 5:colcon.colcon_core.verb:set package 'warehouse_robot_description' build argument 'catkin_cmake_args' from command line to 'None'
[2.557s] Level 5:colcon.colcon_core.verb:set package 'warehouse_robot_description' build argument 'catkin_skip_building_tests' from command line to 'False'
[2.557s] DEBUG:colcon.colcon_core.verb:Building package 'warehouse_robot_description' with the following arguments: {'ament_cmake_args': None, 'build_base': '/home/agam8/ros2_proj/build/warehouse_robot_description', 'catkin_cmake_args': None, 'catkin_skip_building_tests': False, 'cmake_args': None, 'cmake_clean_cache': False, 'cmake_clean_first': False, 'cmake_force_configure': False, 'cmake_target': None, 'cmake_target_skip_unavailable': False, 'install_base': '/home/agam8/ros2_proj/install/warehouse_robot_description', 'merge_install': False, 'path': '/home/agam8/ros2_proj/src/warehouse_robot_description', 'symlink_install': False, 'test_result_base': None}
[2.558s] INFO:colcon.colcon_core.executor:Executing jobs using 'parallel' executor
[2.560s] DEBUG:colcon.colcon_parallel_executor.executor.parallel:run_until_complete
[2.561s] INFO:colcon.colcon_ros.task.ament_cmake.build:Building ROS package in '/home/agam8/ros2_proj/src/warehouse_robot_description' with build type 'ament_cmake'
[2.561s] INFO:colcon.colcon_cmake.task.cmake.build:Building CMake package in '/home/agam8/ros2_proj/src/warehouse_robot_description'
[2.579s] INFO:colcon.colcon_core.plugin_system:Skipping extension 'colcon_core.shell.bat': Not used on non-Windows systems
[2.580s] INFO:colcon.colcon_core.shell:Skip shell extension 'powershell' for command environment: Not usable outside of PowerShell
[2.580s] DEBUG:colcon.colcon_core.shell:Skip shell extension 'dsv' for command environment
[2.625s] DEBUG:colcon.colcon_core.event_handler.log_command:Invoking command in '/home/agam8/ros2_proj/build/warehouse_robot_description': CMAKE_PREFIX_PATH=${CMAKE_PREFIX_PATH}:/opt/ros/humble /usr/bin/cmake --build /home/agam8/ros2_proj/build/warehouse_robot_description -- -j16 -l16
[2.850s] DEBUG:colcon.colcon_core.event_handler.log_command:Invoked command in '/home/agam8/ros2_proj/build/warehouse_robot_description' returned '0': CMAKE_PREFIX_PATH=${CMAKE_PREFIX_PATH}:/opt/ros/humble /usr/bin/cmake --build /home/agam8/ros2_proj/build/warehouse_robot_description -- -j16 -l16
[2.881s] DEBUG:colcon.colcon_core.event_handler.log_command:Invoking command in '/home/agam8/ros2_proj/build/warehouse_robot_description': CMAKE_PREFIX_PATH=${CMAKE_PREFIX_PATH}:/opt/ros/humble /usr/bin/cmake --install /home/agam8/ros2_proj/build/warehouse_robot_description
[2.949s] Level 1:colcon.colcon_core.environment:create_environment_scripts_only(warehouse_robot_description)
[2.951s] DEBUG:colcon.colcon_core.event_handler.log_command:Invoked command in '/home/agam8/ros2_proj/build/warehouse_robot_description' returned '0': CMAKE_PREFIX_PATH=${CMAKE_PREFIX_PATH}:/opt/ros/humble /usr/bin/cmake --install /home/agam8/ros2_proj/build/warehouse_robot_description
[2.971s] Level 1:colcon.colcon_core.environment:checking '/home/agam8/ros2_proj/install/warehouse_robot_description' for CMake module files
[2.973s] Level 1:colcon.colcon_core.environment:checking '/home/agam8/ros2_proj/install/warehouse_robot_description' for CMake config files
[2.975s] Level 1:colcon.colcon_core.shell:create_environment_hook('warehouse_robot_description', 'cmake_prefix_path')
[2.976s] INFO:colcon.colcon_core.shell:Creating environment hook '/home/agam8/ros2_proj/install/warehouse_robot_description/share/warehouse_robot_description/hook/cmake_prefix_path.ps1'
[2.979s] INFO:colcon.colcon_core.shell:Creating environment descriptor '/home/agam8/ros2_proj/install/warehouse_robot_description/share/warehouse_robot_description/hook/cmake_prefix_path.dsv'
[2.981s] INFO:colcon.colcon_core.shell:Creating environment hook '/home/agam8/ros2_proj/install/warehouse_robot_description/share/warehouse_robot_description/hook/cmake_prefix_path.sh'
[2.986s] Level 1:colcon.colcon_core.environment:checking '/home/agam8/ros2_proj/install/warehouse_robot_description/lib'
[2.988s] Level 1:colcon.colcon_core.environment:checking '/home/agam8/ros2_proj/install/warehouse_robot_description/bin'
[2.988s] Level 1:colcon.colcon_core.environment:checking '/home/agam8/ros2_proj/install/warehouse_robot_description/lib/pkgconfig/warehouse_robot_description.pc'
[2.989s] Level 1:colcon.colcon_core.environment:checking '/home/agam8/ros2_proj/install/warehouse_robot_description/lib/python3.10/site-packages'
[2.990s] Level 1:colcon.colcon_core.environment:checking '/home/agam8/ros2_proj/install/warehouse_robot_description/bin'
[2.991s] INFO:colcon.colcon_core.shell:Creating package script '/home/agam8/ros2_proj/install/warehouse_robot_description/share/warehouse_robot_description/package.ps1'
[2.996s] INFO:colcon.colcon_core.shell:Creating package descriptor '/home/agam8/ros2_proj/install/warehouse_robot_description/share/warehouse_robot_description/package.dsv'
[3.001s] INFO:colcon.colcon_core.shell:Creating package script '/home/agam8/ros2_proj/install/warehouse_robot_description/share/warehouse_robot_description/package.sh'
[3.005s] INFO:colcon.colcon_core.shell:Creating package script '/home/agam8/ros2_proj/install/warehouse_robot_description/share/warehouse_robot_description/package.bash'
[3.008s] INFO:colcon.colcon_core.shell:Creating package script '/home/agam8/ros2_proj/install/warehouse_robot_description/share/warehouse_robot_description/package.zsh'
[3.012s] Level 1:colcon.colcon_core.environment:create_file_with_runtime_dependencies(/home/agam8/ros2_proj/install/warehouse_robot_description/share/colcon-core/packages/warehouse_robot_description)
[3.015s] Level 1:colcon.colcon_core.environment:create_environment_scripts_only(warehouse_robot_description)
[3.016s] Level 1:colcon.colcon_core.environment:checking '/home/agam8/ros2_proj/install/warehouse_robot_description' for CMake module files
[3.017s] Level 1:colcon.colcon_core.environment:checking '/home/agam8/ros2_proj/install/warehouse_robot_description' for CMake config files
[3.018s] Level 1:colcon.colcon_core.shell:create_environment_hook('warehouse_robot_description', 'cmake_prefix_path')
[3.019s] INFO:colcon.colcon_core.shell:Creating environment hook '/home/agam8/ros2_proj/install/warehouse_robot_description/share/warehouse_robot_description/hook/cmake_prefix_path.ps1'
[3.020s] INFO:colcon.colcon_core.shell:Creating environment descriptor '/home/agam8/ros2_proj/install/warehouse_robot_description/share/warehouse_robot_description/hook/cmake_prefix_path.dsv'
[3.022s] INFO:colcon.colcon_core.shell:Creating environment hook '/home/agam8/ros2_proj/install/warehouse_robot_description/share/warehouse_robot_description/hook/cmake_prefix_path.sh'
[3.024s] Level 1:colcon.colcon_core.environment:checking '/home/agam8/ros2_proj/install/warehouse_robot_description/lib'
[3.024s] Level 1:colcon.colcon_core.environment:checking '/home/agam8/ros2_proj/install/warehouse_robot_description/bin'
[3.024s] Level 1:colcon.colcon_core.environment:checking '/home/agam8/ros2_proj/install/warehouse_robot_description/lib/pkgconfig/warehouse_robot_description.pc'
[3.025s] Level 1:colcon.colcon_core.environment:checking '/home/agam8/ros2_proj/install/warehouse_robot_description/lib/python3.10/site-packages'
[3.026s] Level 1:colcon.colcon_core.environment:checking '/home/agam8/ros2_proj/install/warehouse_robot_description/bin'
[3.028s] INFO:colcon.colcon_core.shell:Creating package script '/home/agam8/ros2_proj/install/warehouse_robot_description/share/warehouse_robot_description/package.ps1'
[3.030s] INFO:colcon.colcon_core.shell:Creating package descriptor '/home/agam8/ros2_proj/install/warehouse_robot_description/share/warehouse_robot_description/package.dsv'
[3.031s] INFO:colcon.colcon_core.shell:Creating package script '/home/agam8/ros2_proj/install/warehouse_robot_description/share/warehouse_robot_description/package.sh'
[3.032s] INFO:colcon.colcon_core.shell:Creating package script '/home/agam8/ros2_proj/install/warehouse_robot_description/share/warehouse_robot_description/package.bash'
[3.034s] INFO:colcon.colcon_core.shell:Creating package script '/home/agam8/ros2_proj/install/warehouse_robot_description/share/warehouse_robot_description/package.zsh'
[3.035s] Level 1:colcon.colcon_core.environment:create_file_with_runtime_dependencies(/home/agam8/ros2_proj/install/warehouse_robot_description/share/colcon-core/packages/warehouse_robot_description)
[3.036s] DEBUG:colcon.colcon_parallel_executor.executor.parallel:closing loop
[3.038s] DEBUG:colcon.colcon_parallel_executor.executor.parallel:loop closed
[3.039s] DEBUG:colcon.colcon_parallel_executor.executor.parallel:run_until_complete finished with '0'
[3.039s] DEBUG:colcon.colcon_core.event_reactor:joining thread
[3.502s] INFO:colcon.colcon_core.plugin_system:Skipping extension 'colcon_notification.desktop_notification.notify_send': Could not find 'notify-send'
[3.503s] INFO:colcon.colcon_core.plugin_system:Skipping extension 'colcon_notification.desktop_notification.terminal_notifier': Not used on non-Darwin systems
[3.503s] INFO:colcon.colcon_core.plugin_system:Skipping extension 'colcon_notification.desktop_notification.win32': Not used on non-Windows systems
[3.503s] INFO:colcon.colcon_notification.desktop_notification:Sending desktop notification using 'notify2'
[3.504s] DEBUG:colcon.colcon_notification.desktop_notification.notify2:Failed to initialize notify2: org.freedesktop.DBus.Error.FileNotFound: Failed to connect to socket /run/user/1000/bus: No such file or directory
[3.505s] DEBUG:colcon.colcon_core.event_reactor:joined thread
[3.506s] INFO:colcon.colcon_core.shell:Creating prefix script '/home/agam8/ros2_proj/install/local_setup.ps1'
[3.509s] INFO:colcon.colcon_core.shell:Creating prefix util module '/home/agam8/ros2_proj/install/_local_setup_util_ps1.py'
[3.514s] INFO:colcon.colcon_core.shell:Creating prefix chain script '/home/agam8/ros2_proj/install/setup.ps1'
[3.518s] INFO:colcon.colcon_core.shell:Creating prefix script '/home/agam8/ros2_proj/install/local_setup.sh'
[3.521s] INFO:colcon.colcon_core.shell:Creating prefix util module '/home/agam8/ros2_proj/install/_local_setup_util_sh.py'
[3.523s] INFO:colcon.colcon_core.shell:Creating prefix chain script '/home/agam8/ros2_proj/install/setup.sh'
[3.527s] INFO:colcon.colcon_core.shell:Creating prefix script '/home/agam8/ros2_proj/install/local_setup.bash'
[3.530s] INFO:colcon.colcon_core.shell:Creating prefix chain script '/home/agam8/ros2_proj/install/setup.bash'
[3.533s] INFO:colcon.colcon_core.shell:Creating prefix script '/home/agam8/ros2_proj/install/local_setup.zsh'
[3.536s] INFO:colcon.colcon_core.shell:Creating prefix chain script '/home/agam8/ros2_proj/install/setup.zsh'
