[1.016s] DEBUG:colcon:Command line arguments: ['/usr/bin/colcon', 'build']
[1.016s] DEBUG:colcon:Parsed command line arguments: Namespace(log_base=None, log_level=None, verb_name='build', build_base='build', install_base='install', merge_install=False, symlink_install=False, test_result_base=None, continue_on_error=False, executor='parallel', parallel_workers=16, event_handlers=None, ignore_user_meta=False, metas=['./colcon.meta'], base_paths=['.'], packages_ignore=None, packages_ignore_regex=None, paths=None, packages_up_to=None, packages_up_to_regex=None, packages_above=None, packages_above_and_dependencies=None, packages_above_depth=None, packages_select_by_dep=None, packages_skip_by_dep=None, packages_skip_up_to=None, packages_select_build_failed=False, packages_skip_build_finished=False, packages_select_test_failures=False, packages_skip_test_passed=False, packages_select=None, packages_skip=None, packages_select_regex=None, packages_skip_regex=None, packages_start=None, packages_end=None, allow_overriding=[], cmake_args=None, cmake_target=None, cmake_target_skip_unavailable=False, cmake_clean_cache=False, cmake_clean_first=False, cmake_force_configure=False, ament_cmake_args=None, catkin_cmake_args=None, catkin_skip_building_tests=False, verb_parser=<colcon_defaults.argument_parser.defaults.DefaultArgumentsDecorator object at 0x7f20e4c0b760>, verb_extension=<colcon_core.verb.build.BuildVerb object at 0x7f20e4c0b1c0>, main=<bound method BuildVerb.main of <colcon_core.verb.build.BuildVerb object at 0x7f20e4c0b1c0>>)
[1.148s] Level 1:colcon.colcon_core.package_discovery:discover_packages(colcon_meta) check parameters
[1.148s] Level 1:colcon.colcon_core.package_discovery:discover_packages(recursive) check parameters
[1.148s] Level 1:colcon.colcon_core.package_discovery:discover_packages(ignore) check parameters
[1.148s] Level 1:colcon.colcon_core.package_discovery:discover_packages(path) check parameters
[1.148s] Level 1:colcon.colcon_core.package_discovery:discover_packages(colcon_meta) discover
[1.149s] Level 1:colcon.colcon_core.package_discovery:discover_packages(recursive) discover
[1.149s] INFO:colcon.colcon_core.package_discovery:Crawling recursively for packages in '/home/agam8/ros2_proj'
[1.149s] Level 1:colcon.colcon_core.package_identification:_identify(.) by extensions ['ignore', 'ignore_ament_install']
[1.149s] Level 1:colcon.colcon_core.package_identification:_identify(.) by extension 'ignore'
[1.149s] Level 1:colcon.colcon_core.package_identification:_identify(.) by extension 'ignore_ament_install'
[1.149s] Level 1:colcon.colcon_core.package_identification:_identify(.) by extensions ['colcon_pkg']
[1.149s] Level 1:colcon.colcon_core.package_identification:_identify(.) by extension 'colcon_pkg'
[1.149s] Level 1:colcon.colcon_core.package_identification:_identify(.) by extensions ['colcon_meta']
[1.149s] Level 1:colcon.colcon_core.package_identification:_identify(.) by extension 'colcon_meta'
[1.149s] Level 1:colcon.colcon_core.package_identification:_identify(.) by extensions ['ros']
[1.149s] Level 1:colcon.colcon_core.package_identification:_identify(.) by extension 'ros'
[1.156s] Level 1:colcon.colcon_core.package_identification:_identify(.) by extensions ['cmake', 'python']
[1.156s] Level 1:colcon.colcon_core.package_identification:_identify(.) by extension 'cmake'
[1.156s] Level 1:colcon.colcon_core.package_identification:_identify(.) by extension 'python'
[1.156s] Level 1:colcon.colcon_core.package_identification:_identify(.) by extensions ['python_setup_py']
[1.156s] Level 1:colcon.colcon_core.package_identification:_identify(.) by extension 'python_setup_py'
[1.156s] Level 1:colcon.colcon_core.package_identification:_identify(build) by extensions ['ignore', 'ignore_ament_install']
[1.156s] Level 1:colcon.colcon_core.package_identification:_identify(build) by extension 'ignore'
[1.156s] Level 1:colcon.colcon_core.package_identification:_identify(build) ignored
[1.156s] Level 1:colcon.colcon_core.package_identification:_identify(install) by extensions ['ignore', 'ignore_ament_install']
[1.157s] Level 1:colcon.colcon_core.package_identification:_identify(install) by extension 'ignore'
[1.157s] Level 1:colcon.colcon_core.package_identification:_identify(install) ignored
[1.157s] Level 1:colcon.colcon_core.package_identification:_identify(log) by extensions ['ignore', 'ignore_ament_install']
[1.157s] Level 1:colcon.colcon_core.package_identification:_identify(log) by extension 'ignore'
[1.157s] Level 1:colcon.colcon_core.package_identification:_identify(log) ignored
[1.157s] Level 1:colcon.colcon_core.package_identification:_identify(src) by extensions ['ignore', 'ignore_ament_install']
[1.157s] Level 1:colcon.colcon_core.package_identification:_identify(src) by extension 'ignore'
[1.157s] Level 1:colcon.colcon_core.package_identification:_identify(src) by extension 'ignore_ament_install'
[1.157s] Level 1:colcon.colcon_core.package_identification:_identify(src) by extensions ['colcon_pkg']
[1.157s] Level 1:colcon.colcon_core.package_identification:_identify(src) by extension 'colcon_pkg'
[1.157s] Level 1:colcon.colcon_core.package_identification:_identify(src) by extensions ['colcon_meta']
[1.157s] Level 1:colcon.colcon_core.package_identification:_identify(src) by extension 'colcon_meta'
[1.157s] Level 1:colcon.colcon_core.package_identification:_identify(src) by extensions ['ros']
[1.157s] Level 1:colcon.colcon_core.package_identification:_identify(src) by extension 'ros'
[1.157s] Level 1:colcon.colcon_core.package_identification:_identify(src) by extensions ['cmake', 'python']
[1.157s] Level 1:colcon.colcon_core.package_identification:_identify(src) by extension 'cmake'
[1.157s] Level 1:colcon.colcon_core.package_identification:_identify(src) by extension 'python'
[1.157s] Level 1:colcon.colcon_core.package_identification:_identify(src) by extensions ['python_setup_py']
[1.157s] Level 1:colcon.colcon_core.package_identification:_identify(src) by extension 'python_setup_py'
[1.157s] Level 1:colcon.colcon_core.package_identification:_identify(src/warehouse_bot) by extensions ['ignore', 'ignore_ament_install']
[1.157s] Level 1:colcon.colcon_core.package_identification:_identify(src/warehouse_bot) by extension 'ignore'
[1.157s] Level 1:colcon.colcon_core.package_identification:_identify(src/warehouse_bot) by extension 'ignore_ament_install'
[1.157s] Level 1:colcon.colcon_core.package_identification:_identify(src/warehouse_bot) by extensions ['colcon_pkg']
[1.157s] Level 1:colcon.colcon_core.package_identification:_identify(src/warehouse_bot) by extension 'colcon_pkg'
[1.157s] Level 1:colcon.colcon_core.package_identification:_identify(src/warehouse_bot) by extensions ['colcon_meta']
[1.157s] Level 1:colcon.colcon_core.package_identification:_identify(src/warehouse_bot) by extension 'colcon_meta'
[1.157s] Level 1:colcon.colcon_core.package_identification:_identify(src/warehouse_bot) by extensions ['ros']
[1.157s] Level 1:colcon.colcon_core.package_identification:_identify(src/warehouse_bot) by extension 'ros'
[1.158s] Level 1:colcon.colcon_core.package_identification:_identify(src/warehouse_bot) by extensions ['cmake', 'python']
[1.158s] Level 1:colcon.colcon_core.package_identification:_identify(src/warehouse_bot) by extension 'cmake'
[1.158s] Level 1:colcon.colcon_core.package_identification:_identify(src/warehouse_bot) by extension 'python'
[1.158s] Level 1:colcon.colcon_core.package_identification:_identify(src/warehouse_bot) by extensions ['python_setup_py']
[1.158s] Level 1:colcon.colcon_core.package_identification:_identify(src/warehouse_bot) by extension 'python_setup_py'
[1.158s] Level 1:colcon.colcon_core.package_identification:_identify(src/warehouse_bot/config) by extensions ['ignore', 'ignore_ament_install']
[1.158s] Level 1:colcon.colcon_core.package_identification:_identify(src/warehouse_bot/config) by extension 'ignore'
[1.158s] Level 1:colcon.colcon_core.package_identification:_identify(src/warehouse_bot/config) by extension 'ignore_ament_install'
[1.158s] Level 1:colcon.colcon_core.package_identification:_identify(src/warehouse_bot/config) by extensions ['colcon_pkg']
[1.158s] Level 1:colcon.colcon_core.package_identification:_identify(src/warehouse_bot/config) by extension 'colcon_pkg'
[1.158s] Level 1:colcon.colcon_core.package_identification:_identify(src/warehouse_bot/config) by extensions ['colcon_meta']
[1.158s] Level 1:colcon.colcon_core.package_identification:_identify(src/warehouse_bot/config) by extension 'colcon_meta'
[1.158s] Level 1:colcon.colcon_core.package_identification:_identify(src/warehouse_bot/config) by extensions ['ros']
[1.158s] Level 1:colcon.colcon_core.package_identification:_identify(src/warehouse_bot/config) by extension 'ros'
[1.158s] Level 1:colcon.colcon_core.package_identification:_identify(src/warehouse_bot/config) by extensions ['cmake', 'python']
[1.158s] Level 1:colcon.colcon_core.package_identification:_identify(src/warehouse_bot/config) by extension 'cmake'
[1.158s] Level 1:colcon.colcon_core.package_identification:_identify(src/warehouse_bot/config) by extension 'python'
[1.158s] Level 1:colcon.colcon_core.package_identification:_identify(src/warehouse_bot/config) by extensions ['python_setup_py']
[1.158s] Level 1:colcon.colcon_core.package_identification:_identify(src/warehouse_bot/config) by extension 'python_setup_py'
[1.158s] Level 1:colcon.colcon_core.package_identification:_identify(src/warehouse_bot/launch) by extensions ['ignore', 'ignore_ament_install']
[1.158s] Level 1:colcon.colcon_core.package_identification:_identify(src/warehouse_bot/launch) by extension 'ignore'
[1.158s] Level 1:colcon.colcon_core.package_identification:_identify(src/warehouse_bot/launch) by extension 'ignore_ament_install'
[1.158s] Level 1:colcon.colcon_core.package_identification:_identify(src/warehouse_bot/launch) by extensions ['colcon_pkg']
[1.158s] Level 1:colcon.colcon_core.package_identification:_identify(src/warehouse_bot/launch) by extension 'colcon_pkg'
[1.158s] Level 1:colcon.colcon_core.package_identification:_identify(src/warehouse_bot/launch) by extensions ['colcon_meta']
[1.158s] Level 1:colcon.colcon_core.package_identification:_identify(src/warehouse_bot/launch) by extension 'colcon_meta'
[1.158s] Level 1:colcon.colcon_core.package_identification:_identify(src/warehouse_bot/launch) by extensions ['ros']
[1.159s] Level 1:colcon.colcon_core.package_identification:_identify(src/warehouse_bot/launch) by extension 'ros'
[1.159s] Level 1:colcon.colcon_core.package_identification:_identify(src/warehouse_bot/launch) by extensions ['cmake', 'python']
[1.159s] Level 1:colcon.colcon_core.package_identification:_identify(src/warehouse_bot/launch) by extension 'cmake'
[1.159s] Level 1:colcon.colcon_core.package_identification:_identify(src/warehouse_bot/launch) by extension 'python'
[1.159s] Level 1:colcon.colcon_core.package_identification:_identify(src/warehouse_bot/launch) by extensions ['python_setup_py']
[1.159s] Level 1:colcon.colcon_core.package_identification:_identify(src/warehouse_bot/launch) by extension 'python_setup_py'
[1.159s] Level 1:colcon.colcon_core.package_identification:_identify(src/warehouse_bot/scripts) by extensions ['ignore', 'ignore_ament_install']
[1.159s] Level 1:colcon.colcon_core.package_identification:_identify(src/warehouse_bot/scripts) by extension 'ignore'
[1.159s] Level 1:colcon.colcon_core.package_identification:_identify(src/warehouse_bot/scripts) by extension 'ignore_ament_install'
[1.159s] Level 1:colcon.colcon_core.package_identification:_identify(src/warehouse_bot/scripts) by extensions ['colcon_pkg']
[1.159s] Level 1:colcon.colcon_core.package_identification:_identify(src/warehouse_bot/scripts) by extension 'colcon_pkg'
[1.159s] Level 1:colcon.colcon_core.package_identification:_identify(src/warehouse_bot/scripts) by extensions ['colcon_meta']
[1.159s] Level 1:colcon.colcon_core.package_identification:_identify(src/warehouse_bot/scripts) by extension 'colcon_meta'
[1.159s] Level 1:colcon.colcon_core.package_identification:_identify(src/warehouse_bot/scripts) by extensions ['ros']
[1.159s] Level 1:colcon.colcon_core.package_identification:_identify(src/warehouse_bot/scripts) by extension 'ros'
[1.159s] Level 1:colcon.colcon_core.package_identification:_identify(src/warehouse_bot/scripts) by extensions ['cmake', 'python']
[1.159s] Level 1:colcon.colcon_core.package_identification:_identify(src/warehouse_bot/scripts) by extension 'cmake'
[1.159s] Level 1:colcon.colcon_core.package_identification:_identify(src/warehouse_bot/scripts) by extension 'python'
[1.159s] Level 1:colcon.colcon_core.package_identification:_identify(src/warehouse_bot/scripts) by extensions ['python_setup_py']
[1.159s] Level 1:colcon.colcon_core.package_identification:_identify(src/warehouse_bot/scripts) by extension 'python_setup_py'
[1.159s] Level 1:colcon.colcon_core.package_identification:_identify(src/warehouse_bot/urdf) by extensions ['ignore', 'ignore_ament_install']
[1.159s] Level 1:colcon.colcon_core.package_identification:_identify(src/warehouse_bot/urdf) by extension 'ignore'
[1.159s] Level 1:colcon.colcon_core.package_identification:_identify(src/warehouse_bot/urdf) by extension 'ignore_ament_install'
[1.159s] Level 1:colcon.colcon_core.package_identification:_identify(src/warehouse_bot/urdf) by extensions ['colcon_pkg']
[1.159s] Level 1:colcon.colcon_core.package_identification:_identify(src/warehouse_bot/urdf) by extension 'colcon_pkg'
[1.159s] Level 1:colcon.colcon_core.package_identification:_identify(src/warehouse_bot/urdf) by extensions ['colcon_meta']
[1.159s] Level 1:colcon.colcon_core.package_identification:_identify(src/warehouse_bot/urdf) by extension 'colcon_meta'
[1.159s] Level 1:colcon.colcon_core.package_identification:_identify(src/warehouse_bot/urdf) by extensions ['ros']
[1.160s] Level 1:colcon.colcon_core.package_identification:_identify(src/warehouse_bot/urdf) by extension 'ros'
[1.160s] Level 1:colcon.colcon_core.package_identification:_identify(src/warehouse_bot/urdf) by extensions ['cmake', 'python']
[1.160s] Level 1:colcon.colcon_core.package_identification:_identify(src/warehouse_bot/urdf) by extension 'cmake'
[1.160s] Level 1:colcon.colcon_core.package_identification:_identify(src/warehouse_bot/urdf) by extension 'python'
[1.160s] Level 1:colcon.colcon_core.package_identification:_identify(src/warehouse_bot/urdf) by extensions ['python_setup_py']
[1.160s] Level 1:colcon.colcon_core.package_identification:_identify(src/warehouse_bot/urdf) by extension 'python_setup_py'
[1.160s] Level 1:colcon.colcon_core.package_identification:_identify(src/warehouse_bot/worlds) by extensions ['ignore', 'ignore_ament_install']
[1.160s] Level 1:colcon.colcon_core.package_identification:_identify(src/warehouse_bot/worlds) by extension 'ignore'
[1.160s] Level 1:colcon.colcon_core.package_identification:_identify(src/warehouse_bot/worlds) by extension 'ignore_ament_install'
[1.160s] Level 1:colcon.colcon_core.package_identification:_identify(src/warehouse_bot/worlds) by extensions ['colcon_pkg']
[1.160s] Level 1:colcon.colcon_core.package_identification:_identify(src/warehouse_bot/worlds) by extension 'colcon_pkg'
[1.160s] Level 1:colcon.colcon_core.package_identification:_identify(src/warehouse_bot/worlds) by extensions ['colcon_meta']
[1.160s] Level 1:colcon.colcon_core.package_identification:_identify(src/warehouse_bot/worlds) by extension 'colcon_meta'
[1.160s] Level 1:colcon.colcon_core.package_identification:_identify(src/warehouse_bot/worlds) by extensions ['ros']
[1.160s] Level 1:colcon.colcon_core.package_identification:_identify(src/warehouse_bot/worlds) by extension 'ros'
[1.160s] Level 1:colcon.colcon_core.package_identification:_identify(src/warehouse_bot/worlds) by extensions ['cmake', 'python']
[1.160s] Level 1:colcon.colcon_core.package_identification:_identify(src/warehouse_bot/worlds) by extension 'cmake'
[1.160s] Level 1:colcon.colcon_core.package_identification:_identify(src/warehouse_bot/worlds) by extension 'python'
[1.160s] Level 1:colcon.colcon_core.package_identification:_identify(src/warehouse_bot/worlds) by extensions ['python_setup_py']
[1.160s] Level 1:colcon.colcon_core.package_identification:_identify(src/warehouse_bot/worlds) by extension 'python_setup_py'
[1.160s] Level 1:colcon.colcon_core.package_identification:_identify(src/warehouse_robot_description) by extensions ['ignore', 'ignore_ament_install']
[1.160s] Level 1:colcon.colcon_core.package_identification:_identify(src/warehouse_robot_description) by extension 'ignore'
[1.160s] Level 1:colcon.colcon_core.package_identification:_identify(src/warehouse_robot_description) by extension 'ignore_ament_install'
[1.161s] Level 1:colcon.colcon_core.package_identification:_identify(src/warehouse_robot_description) by extensions ['colcon_pkg']
[1.161s] Level 1:colcon.colcon_core.package_identification:_identify(src/warehouse_robot_description) by extension 'colcon_pkg'
[1.161s] Level 1:colcon.colcon_core.package_identification:_identify(src/warehouse_robot_description) by extensions ['colcon_meta']
[1.161s] Level 1:colcon.colcon_core.package_identification:_identify(src/warehouse_robot_description) by extension 'colcon_meta'
[1.161s] Level 1:colcon.colcon_core.package_identification:_identify(src/warehouse_robot_description) by extensions ['ros']
[1.161s] Level 1:colcon.colcon_core.package_identification:_identify(src/warehouse_robot_description) by extension 'ros'
[1.163s] DEBUG:colcon.colcon_core.package_identification:Package 'src/warehouse_robot_description' with type 'ros.ament_cmake' and name 'warehouse_robot_description'
[1.163s] Level 1:colcon.colcon_core.package_discovery:discover_packages(recursive) using defaults
[1.163s] Level 1:colcon.colcon_core.package_discovery:discover_packages(ignore) discover
[1.163s] Level 1:colcon.colcon_core.package_discovery:discover_packages(ignore) using defaults
[1.163s] Level 1:colcon.colcon_core.package_discovery:discover_packages(path) discover
[1.163s] Level 1:colcon.colcon_core.package_discovery:discover_packages(path) using defaults
[1.178s] Level 1:colcon.colcon_core.package_discovery:discover_packages(prefix_path) check parameters
[1.178s] Level 1:colcon.colcon_core.package_discovery:discover_packages(prefix_path) discover
[1.180s] DEBUG:colcon.colcon_installed_package_information.package_discovery:Found 1 installed packages in /home/agam8/ros2_proj/install
[1.181s] DEBUG:colcon.colcon_installed_package_information.package_discovery:Found 292 installed packages in /opt/ros/humble
[1.192s] Level 1:colcon.colcon_core.package_discovery:discover_packages(prefix_path) using defaults
[1.216s] Level 5:colcon.colcon_core.verb:set package 'warehouse_robot_description' build argument 'cmake_args' from command line to 'None'
[1.216s] Level 5:colcon.colcon_core.verb:set package 'warehouse_robot_description' build argument 'cmake_target' from command line to 'None'
[1.216s] Level 5:colcon.colcon_core.verb:set package 'warehouse_robot_description' build argument 'cmake_target_skip_unavailable' from command line to 'False'
[1.216s] Level 5:colcon.colcon_core.verb:set package 'warehouse_robot_description' build argument 'cmake_clean_cache' from command line to 'False'
[1.216s] Level 5:colcon.colcon_core.verb:set package 'warehouse_robot_description' build argument 'cmake_clean_first' from command line to 'False'
[1.216s] Level 5:colcon.colcon_core.verb:set package 'warehouse_robot_description' build argument 'cmake_force_configure' from command line to 'False'
[1.216s] Level 5:colcon.colcon_core.verb:set package 'warehouse_robot_description' build argument 'ament_cmake_args' from command line to 'None'
[1.216s] Level 5:colcon.colcon_core.verb:set package 'warehouse_robot_description' build argument 'catkin_cmake_args' from command line to 'None'
[1.216s] Level 5:colcon.colcon_core.verb:set package 'warehouse_robot_description' build argument 'catkin_skip_building_tests' from command line to 'False'
[1.216s] DEBUG:colcon.colcon_core.verb:Building package 'warehouse_robot_description' with the following arguments: {'ament_cmake_args': None, 'build_base': '/home/agam8/ros2_proj/build/warehouse_robot_description', 'catkin_cmake_args': None, 'catkin_skip_building_tests': False, 'cmake_args': None, 'cmake_clean_cache': False, 'cmake_clean_first': False, 'cmake_force_configure': False, 'cmake_target': None, 'cmake_target_skip_unavailable': False, 'install_base': '/home/agam8/ros2_proj/install/warehouse_robot_description', 'merge_install': False, 'path': '/home/agam8/ros2_proj/src/warehouse_robot_description', 'symlink_install': False, 'test_result_base': None}
[1.216s] INFO:colcon.colcon_core.executor:Executing jobs using 'parallel' executor
[1.217s] DEBUG:colcon.colcon_parallel_executor.executor.parallel:run_until_complete
[1.218s] INFO:colcon.colcon_ros.task.ament_cmake.build:Building ROS package in '/home/agam8/ros2_proj/src/warehouse_robot_description' with build type 'ament_cmake'
[1.218s] INFO:colcon.colcon_cmake.task.cmake.build:Building CMake package in '/home/agam8/ros2_proj/src/warehouse_robot_description'
[1.222s] INFO:colcon.colcon_core.plugin_system:Skipping extension 'colcon_core.shell.bat': Not used on non-Windows systems
[1.223s] INFO:colcon.colcon_core.shell:Skip shell extension 'powershell' for command environment: Not usable outside of PowerShell
[1.223s] DEBUG:colcon.colcon_core.shell:Skip shell extension 'dsv' for command environment
[1.243s] DEBUG:colcon.colcon_core.event_handler.log_command:Invoking command in '/home/agam8/ros2_proj/build/warehouse_robot_description': CMAKE_PREFIX_PATH=${CMAKE_PREFIX_PATH}:/opt/ros/humble /usr/bin/cmake --build /home/agam8/ros2_proj/build/warehouse_robot_description -- -j16 -l16
[1.271s] DEBUG:colcon.colcon_core.event_handler.log_command:Invoked command in '/home/agam8/ros2_proj/build/warehouse_robot_description' returned '0': CMAKE_PREFIX_PATH=${CMAKE_PREFIX_PATH}:/opt/ros/humble /usr/bin/cmake --build /home/agam8/ros2_proj/build/warehouse_robot_description -- -j16 -l16
[1.279s] DEBUG:colcon.colcon_core.event_handler.log_command:Invoking command in '/home/agam8/ros2_proj/build/warehouse_robot_description': CMAKE_PREFIX_PATH=${CMAKE_PREFIX_PATH}:/opt/ros/humble /usr/bin/cmake --install /home/agam8/ros2_proj/build/warehouse_robot_description
[1.299s] Level 1:colcon.colcon_core.environment:create_environment_scripts_only(warehouse_robot_description)
[1.300s] DEBUG:colcon.colcon_core.event_handler.log_command:Invoked command in '/home/agam8/ros2_proj/build/warehouse_robot_description' returned '0': CMAKE_PREFIX_PATH=${CMAKE_PREFIX_PATH}:/opt/ros/humble /usr/bin/cmake --install /home/agam8/ros2_proj/build/warehouse_robot_description
[1.301s] Level 1:colcon.colcon_core.environment:checking '/home/agam8/ros2_proj/install/warehouse_robot_description' for CMake module files
[1.301s] Level 1:colcon.colcon_core.environment:checking '/home/agam8/ros2_proj/install/warehouse_robot_description' for CMake config files
[1.302s] Level 1:colcon.colcon_core.shell:create_environment_hook('warehouse_robot_description', 'cmake_prefix_path')
[1.302s] INFO:colcon.colcon_core.shell:Creating environment hook '/home/agam8/ros2_proj/install/warehouse_robot_description/share/warehouse_robot_description/hook/cmake_prefix_path.ps1'
[1.303s] INFO:colcon.colcon_core.shell:Creating environment descriptor '/home/agam8/ros2_proj/install/warehouse_robot_description/share/warehouse_robot_description/hook/cmake_prefix_path.dsv'
[1.303s] INFO:colcon.colcon_core.shell:Creating environment hook '/home/agam8/ros2_proj/install/warehouse_robot_description/share/warehouse_robot_description/hook/cmake_prefix_path.sh'
[1.304s] Level 1:colcon.colcon_core.environment:checking '/home/agam8/ros2_proj/install/warehouse_robot_description/lib'
[1.304s] Level 1:colcon.colcon_core.environment:checking '/home/agam8/ros2_proj/install/warehouse_robot_description/bin'
[1.304s] Level 1:colcon.colcon_core.environment:checking '/home/agam8/ros2_proj/install/warehouse_robot_description/lib/pkgconfig/warehouse_robot_description.pc'
[1.305s] Level 1:colcon.colcon_core.environment:checking '/home/agam8/ros2_proj/install/warehouse_robot_description/lib/python3.10/site-packages'
[1.305s] Level 1:colcon.colcon_core.environment:checking '/home/agam8/ros2_proj/install/warehouse_robot_description/bin'
[1.305s] INFO:colcon.colcon_core.shell:Creating package script '/home/agam8/ros2_proj/install/warehouse_robot_description/share/warehouse_robot_description/package.ps1'
[1.306s] INFO:colcon.colcon_core.shell:Creating package descriptor '/home/agam8/ros2_proj/install/warehouse_robot_description/share/warehouse_robot_description/package.dsv'
[1.306s] INFO:colcon.colcon_core.shell:Creating package script '/home/agam8/ros2_proj/install/warehouse_robot_description/share/warehouse_robot_description/package.sh'
[1.307s] INFO:colcon.colcon_core.shell:Creating package script '/home/agam8/ros2_proj/install/warehouse_robot_description/share/warehouse_robot_description/package.bash'
[1.308s] INFO:colcon.colcon_core.shell:Creating package script '/home/agam8/ros2_proj/install/warehouse_robot_description/share/warehouse_robot_description/package.zsh'
[1.309s] Level 1:colcon.colcon_core.environment:create_file_with_runtime_dependencies(/home/agam8/ros2_proj/install/warehouse_robot_description/share/colcon-core/packages/warehouse_robot_description)
[1.310s] Level 1:colcon.colcon_core.environment:create_environment_scripts_only(warehouse_robot_description)
[1.311s] Level 1:colcon.colcon_core.environment:checking '/home/agam8/ros2_proj/install/warehouse_robot_description' for CMake module files
[1.311s] Level 1:colcon.colcon_core.environment:checking '/home/agam8/ros2_proj/install/warehouse_robot_description' for CMake config files
[1.312s] Level 1:colcon.colcon_core.shell:create_environment_hook('warehouse_robot_description', 'cmake_prefix_path')
[1.313s] INFO:colcon.colcon_core.shell:Creating environment hook '/home/agam8/ros2_proj/install/warehouse_robot_description/share/warehouse_robot_description/hook/cmake_prefix_path.ps1'
[1.314s] INFO:colcon.colcon_core.shell:Creating environment descriptor '/home/agam8/ros2_proj/install/warehouse_robot_description/share/warehouse_robot_description/hook/cmake_prefix_path.dsv'
[1.315s] INFO:colcon.colcon_core.shell:Creating environment hook '/home/agam8/ros2_proj/install/warehouse_robot_description/share/warehouse_robot_description/hook/cmake_prefix_path.sh'
[1.316s] Level 1:colcon.colcon_core.environment:checking '/home/agam8/ros2_proj/install/warehouse_robot_description/lib'
[1.316s] Level 1:colcon.colcon_core.environment:checking '/home/agam8/ros2_proj/install/warehouse_robot_description/bin'
[1.316s] Level 1:colcon.colcon_core.environment:checking '/home/agam8/ros2_proj/install/warehouse_robot_description/lib/pkgconfig/warehouse_robot_description.pc'
[1.317s] Level 1:colcon.colcon_core.environment:checking '/home/agam8/ros2_proj/install/warehouse_robot_description/lib/python3.10/site-packages'
[1.318s] Level 1:colcon.colcon_core.environment:checking '/home/agam8/ros2_proj/install/warehouse_robot_description/bin'
[1.319s] INFO:colcon.colcon_core.shell:Creating package script '/home/agam8/ros2_proj/install/warehouse_robot_description/share/warehouse_robot_description/package.ps1'
[1.321s] INFO:colcon.colcon_core.shell:Creating package descriptor '/home/agam8/ros2_proj/install/warehouse_robot_description/share/warehouse_robot_description/package.dsv'
[1.322s] INFO:colcon.colcon_core.shell:Creating package script '/home/agam8/ros2_proj/install/warehouse_robot_description/share/warehouse_robot_description/package.sh'
[1.323s] INFO:colcon.colcon_core.shell:Creating package script '/home/agam8/ros2_proj/install/warehouse_robot_description/share/warehouse_robot_description/package.bash'
[1.324s] INFO:colcon.colcon_core.shell:Creating package script '/home/agam8/ros2_proj/install/warehouse_robot_description/share/warehouse_robot_description/package.zsh'
[1.324s] Level 1:colcon.colcon_core.environment:create_file_with_runtime_dependencies(/home/agam8/ros2_proj/install/warehouse_robot_description/share/colcon-core/packages/warehouse_robot_description)
[1.324s] DEBUG:colcon.colcon_parallel_executor.executor.parallel:closing loop
[1.325s] DEBUG:colcon.colcon_parallel_executor.executor.parallel:loop closed
[1.325s] DEBUG:colcon.colcon_parallel_executor.executor.parallel:run_until_complete finished with '0'
[1.325s] DEBUG:colcon.colcon_core.event_reactor:joining thread
[1.628s] INFO:colcon.colcon_core.plugin_system:Skipping extension 'colcon_notification.desktop_notification.notify_send': Could not find 'notify-send'
[1.628s] INFO:colcon.colcon_core.plugin_system:Skipping extension 'colcon_notification.desktop_notification.terminal_notifier': Not used on non-Darwin systems
[1.629s] INFO:colcon.colcon_core.plugin_system:Skipping extension 'colcon_notification.desktop_notification.win32': Not used on non-Windows systems
[1.629s] INFO:colcon.colcon_notification.desktop_notification:Sending desktop notification using 'notify2'
[1.629s] DEBUG:colcon.colcon_notification.desktop_notification.notify2:Failed to initialize notify2: org.freedesktop.DBus.Error.FileNotFound: Failed to connect to socket /run/user/1000/bus: No such file or directory
[1.629s] DEBUG:colcon.colcon_core.event_reactor:joined thread
[1.629s] INFO:colcon.colcon_core.shell:Creating prefix script '/home/agam8/ros2_proj/install/local_setup.ps1'
[1.630s] INFO:colcon.colcon_core.shell:Creating prefix util module '/home/agam8/ros2_proj/install/_local_setup_util_ps1.py'
[1.631s] INFO:colcon.colcon_core.shell:Creating prefix chain script '/home/agam8/ros2_proj/install/setup.ps1'
[1.631s] INFO:colcon.colcon_core.shell:Creating prefix script '/home/agam8/ros2_proj/install/local_setup.sh'
[1.632s] INFO:colcon.colcon_core.shell:Creating prefix util module '/home/agam8/ros2_proj/install/_local_setup_util_sh.py'
[1.633s] INFO:colcon.colcon_core.shell:Creating prefix chain script '/home/agam8/ros2_proj/install/setup.sh'
[1.633s] INFO:colcon.colcon_core.shell:Creating prefix script '/home/agam8/ros2_proj/install/local_setup.bash'
[1.634s] INFO:colcon.colcon_core.shell:Creating prefix chain script '/home/agam8/ros2_proj/install/setup.bash'
[1.634s] INFO:colcon.colcon_core.shell:Creating prefix script '/home/agam8/ros2_proj/install/local_setup.zsh'
[1.635s] INFO:colcon.colcon_core.shell:Creating prefix chain script '/home/agam8/ros2_proj/install/setup.zsh'
