-- Install configuration: ""
-- Execute custom install script
-- Up-to-date symlink: /home/agam8/ros2_proj/install/warehouse_robot_description/share/warehouse_robot_description/urdf/warehouse_robot.urdf.xacro
-- Up-to-date symlink: /home/agam8/ros2_proj/install/warehouse_robot_description/share/warehouse_robot_description/meshes/base/base_gazebo.stl
-- Up-to-date symlink: /home/agam8/ros2_proj/install/warehouse_robot_description/share/warehouse_robot_description/rviz/display.rviz
-- Up-to-date symlink: /home/agam8/ros2_proj/install/warehouse_robot_description/share/warehouse_robot_description/config/ros_gz_bridge.yaml
-- Up-to-date symlink: /home/agam8/ros2_proj/install/warehouse_robot_description/share/warehouse_robot_description/launch/display.launch.py
-- Up-to-date symlink: /home/agam8/ros2_proj/install/warehouse_robot_description/share/warehouse_robot_description/launch/gazebo.launch.py
-- Up-to-date symlink: /home/agam8/ros2_proj/install/warehouse_robot_description/share/warehouse_robot_description/worlds/pick_and_place.sdf
-- Up-to-date symlink: /home/agam8/ros2_proj/install/warehouse_robot_description/share/warehouse_robot_description/worlds/warehouse.sdf
-- Up-to-date symlink: /home/agam8/ros2_proj/install/warehouse_robot_description/share/warehouse_robot_description/worlds/warehouse.world
-- Up-to-date symlink: /home/agam8/ros2_proj/install/warehouse_robot_description/share/warehouse_robot_description/worlds/warehouse_factory.sdf
-- Up-to-date symlink: /home/agam8/ros2_proj/install/warehouse_robot_description/share/warehouse_robot_description/scripts/teleop_pick_place.py
-- Up-to-date symlink: /home/agam8/ros2_proj/install/warehouse_robot_description/share/ament_index/resource_index/package_run_dependencies/warehouse_robot_description
-- Up-to-date symlink: /home/agam8/ros2_proj/install/warehouse_robot_description/share/ament_index/resource_index/parent_prefix_path/warehouse_robot_description
-- Up-to-date symlink: /home/agam8/ros2_proj/install/warehouse_robot_description/share/warehouse_robot_description/environment/ament_prefix_path.sh
-- Up-to-date symlink: /home/agam8/ros2_proj/install/warehouse_robot_description/share/warehouse_robot_description/environment/ament_prefix_path.dsv
-- Up-to-date symlink: /home/agam8/ros2_proj/install/warehouse_robot_description/share/warehouse_robot_description/environment/path.sh
-- Up-to-date symlink: /home/agam8/ros2_proj/install/warehouse_robot_description/share/warehouse_robot_description/environment/path.dsv
-- Up-to-date symlink: /home/agam8/ros2_proj/install/warehouse_robot_description/share/warehouse_robot_description/local_setup.bash
-- Up-to-date symlink: /home/agam8/ros2_proj/install/warehouse_robot_description/share/warehouse_robot_description/local_setup.sh
-- Up-to-date symlink: /home/agam8/ros2_proj/install/warehouse_robot_description/share/warehouse_robot_description/local_setup.zsh
-- Up-to-date symlink: /home/agam8/ros2_proj/install/warehouse_robot_description/share/warehouse_robot_description/local_setup.dsv
-- Symlinking: /home/agam8/ros2_proj/install/warehouse_robot_description/share/warehouse_robot_description/package.dsv
-- Up-to-date symlink: /home/agam8/ros2_proj/install/warehouse_robot_description/share/ament_index/resource_index/packages/warehouse_robot_description
-- Up-to-date symlink: /home/agam8/ros2_proj/install/warehouse_robot_description/share/warehouse_robot_description/cmake/warehouse_robot_descriptionConfig.cmake
-- Up-to-date symlink: /home/agam8/ros2_proj/install/warehouse_robot_description/share/warehouse_robot_description/cmake/warehouse_robot_descriptionConfig-version.cmake
-- Up-to-date symlink: /home/agam8/ros2_proj/install/warehouse_robot_description/share/warehouse_robot_description/package.xml
-- Installing: /home/agam8/ros2_proj/install/warehouse_robot_description/lib/warehouse_robot_description/teleop_pick_place
