[0.010s] Invoking command in '/home/agam8/ros2_proj/build/warehouse_robot_description': CMAKE_PREFIX_PATH=${CMAKE_PREFIX_PATH}:/opt/ros/humble /usr/bin/cmake --build /home/agam8/ros2_proj/build/warehouse_robot_description -- -j16 -l16
[0.031s] Invoked command in '/home/agam8/ros2_proj/build/warehouse_robot_description' returned '0': CMAKE_PREFIX_PATH=${CMAKE_PREFIX_PATH}:/opt/ros/humble /usr/bin/cmake --build /home/agam8/ros2_proj/build/warehouse_robot_description -- -j16 -l16
[0.039s] Invoking command in '/home/agam8/ros2_proj/build/warehouse_robot_description': CMAKE_PREFIX_PATH=${CMAKE_PREFIX_PATH}:/opt/ros/humble /usr/bin/cmake --install /home/agam8/ros2_proj/build/warehouse_robot_description
[0.043s] -- Install configuration: ""
[0.043s] -- Execute custom install script
[0.043s] -- Up-to-date symlink: /home/agam8/ros2_proj/install/warehouse_robot_description/share/warehouse_robot_description/urdf/warehouse_robot.urdf.xacro
[0.043s] -- Up-to-date symlink: /home/agam8/ros2_proj/install/warehouse_robot_description/share/warehouse_robot_description/meshes/base/base_gazebo.stl
[0.043s] -- Up-to-date symlink: /home/agam8/ros2_proj/install/warehouse_robot_description/share/warehouse_robot_description/rviz/display.rviz
[0.044s] -- Up-to-date symlink: /home/agam8/ros2_proj/install/warehouse_robot_description/share/warehouse_robot_description/config/ros_gz_bridge.yaml
[0.044s] -- Up-to-date symlink: /home/agam8/ros2_proj/install/warehouse_robot_description/share/warehouse_robot_description/launch/display.launch.py
[0.044s] -- Up-to-date symlink: /home/agam8/ros2_proj/install/warehouse_robot_description/share/warehouse_robot_description/launch/gazebo.launch.py
[0.044s] -- Up-to-date symlink: /home/agam8/ros2_proj/install/warehouse_robot_description/share/warehouse_robot_description/worlds/pick_and_place.sdf
[0.044s] -- Up-to-date symlink: /home/agam8/ros2_proj/install/warehouse_robot_description/share/warehouse_robot_description/worlds/warehouse.sdf
[0.044s] -- Up-to-date symlink: /home/agam8/ros2_proj/install/warehouse_robot_description/share/warehouse_robot_description/worlds/warehouse.world
[0.044s] -- Up-to-date symlink: /home/agam8/ros2_proj/install/warehouse_robot_description/share/warehouse_robot_description/worlds/warehouse_factory.sdf
[0.044s] -- Up-to-date symlink: /home/agam8/ros2_proj/install/warehouse_robot_description/share/warehouse_robot_description/scripts/teleop_pick_place.py
[0.044s] -- Up-to-date symlink: /home/agam8/ros2_proj/install/warehouse_robot_description/share/ament_index/resource_index/package_run_dependencies/warehouse_robot_description
[0.045s] -- Up-to-date symlink: /home/agam8/ros2_proj/install/warehouse_robot_description/share/ament_index/resource_index/parent_prefix_path/warehouse_robot_description
[0.045s] -- Up-to-date symlink: /home/agam8/ros2_proj/install/warehouse_robot_description/share/warehouse_robot_description/environment/ament_prefix_path.sh
[0.045s] -- Up-to-date symlink: /home/agam8/ros2_proj/install/warehouse_robot_description/share/warehouse_robot_description/environment/ament_prefix_path.dsv
[0.045s] -- Up-to-date symlink: /home/agam8/ros2_proj/install/warehouse_robot_description/share/warehouse_robot_description/environment/path.sh
[0.045s] -- Up-to-date symlink: /home/agam8/ros2_proj/install/warehouse_robot_description/share/warehouse_robot_description/environment/path.dsv
[0.045s] -- Up-to-date symlink: /home/agam8/ros2_proj/install/warehouse_robot_description/share/warehouse_robot_description/local_setup.bash
[0.045s] -- Up-to-date symlink: /home/agam8/ros2_proj/install/warehouse_robot_description/share/warehouse_robot_description/local_setup.sh
[0.045s] -- Up-to-date symlink: /home/agam8/ros2_proj/install/warehouse_robot_description/share/warehouse_robot_description/local_setup.zsh
[0.046s] -- Up-to-date symlink: /home/agam8/ros2_proj/install/warehouse_robot_description/share/warehouse_robot_description/local_setup.dsv
[0.046s] -- Symlinking: /home/agam8/ros2_proj/install/warehouse_robot_description/share/warehouse_robot_description/package.dsv
[0.051s] -- Up-to-date symlink: /home/agam8/ros2_proj/install/warehouse_robot_description/share/ament_index/resource_index/packages/warehouse_robot_description
[0.051s] -- Up-to-date symlink: /home/agam8/ros2_proj/install/warehouse_robot_description/share/warehouse_robot_description/cmake/warehouse_robot_descriptionConfig.cmake
[0.051s] -- Up-to-date symlink: /home/agam8/ros2_proj/install/warehouse_robot_description/share/warehouse_robot_description/cmake/warehouse_robot_descriptionConfig-version.cmake
[0.051s] -- Up-to-date symlink: /home/agam8/ros2_proj/install/warehouse_robot_description/share/warehouse_robot_description/package.xml
[0.051s] -- Up-to-date: /home/agam8/ros2_proj/install/warehouse_robot_description/lib/warehouse_robot_description/teleop_pick_place
[0.053s] Invoked command in '/home/agam8/ros2_proj/build/warehouse_robot_description' returned '0': CMAKE_PREFIX_PATH=${CMAKE_PREFIX_PATH}:/opt/ros/humble /usr/bin/cmake --install /home/agam8/ros2_proj/build/warehouse_robot_description
