[0.600s] DEBUG:colcon:Command line arguments: ['/usr/bin/colcon', 'build', '--packages-select', 'warehouse_robot_description']
[0.600s] DEBUG:colcon:Parsed command line arguments: Namespace(log_base=None, log_level=None, verb_name='build', build_base='build', install_base='install', merge_install=False, symlink_install=False, test_result_base=None, continue_on_error=False, executor='parallel', parallel_workers=16, event_handlers=None, ignore_user_meta=False, metas=['./colcon.meta'], base_paths=['.'], packages_ignore=None, packages_ignore_regex=None, paths=None, packages_up_to=None, packages_up_to_regex=None, packages_above=None, packages_above_and_dependencies=None, packages_above_depth=None, packages_select_by_dep=None, packages_skip_by_dep=None, packages_skip_up_to=None, packages_select_build_failed=False, packages_skip_build_finished=False, packages_select_test_failures=False, packages_skip_test_passed=False, packages_select=['warehouse_robot_description'], packages_skip=None, packages_select_regex=None, packages_skip_regex=None, packages_start=None, packages_end=None, allow_overriding=[], cmake_args=None, cmake_target=None, cmake_target_skip_unavailable=False, cmake_clean_cache=False, cmake_clean_first=False, cmake_force_configure=False, ament_cmake_args=None, catkin_cmake_args=None, catkin_skip_building_tests=False, verb_parser=<colcon_defaults.argument_parser.defaults.DefaultArgumentsDecorator object at 0x7f02f6afc4c0>, verb_extension=<colcon_core.verb.build.BuildVerb object at 0x7f02f6acf9a0>, main=<bound method BuildVerb.main of <colcon_core.verb.build.BuildVerb object at 0x7f02f6acf9a0>>)
[0.759s] Level 1:colcon.colcon_core.package_discovery:discover_packages(colcon_meta) check parameters
[0.759s] Level 1:colcon.colcon_core.package_discovery:discover_packages(recursive) check parameters
[0.759s] Level 1:colcon.colcon_core.package_discovery:discover_packages(ignore) check parameters
[0.759s] Level 1:colcon.colcon_core.package_discovery:discover_packages(path) check parameters
[0.759s] Level 1:colcon.colcon_core.package_discovery:discover_packages(colcon_meta) discover
[0.759s] Level 1:colcon.colcon_core.package_discovery:discover_packages(recursive) discover
[0.759s] INFO:colcon.colcon_core.package_discovery:Crawling recursively for packages in '/home/agam8/ros2_proj'
[0.759s] Level 1:colcon.colcon_core.package_identification:_identify(.) by extensions ['ignore', 'ignore_ament_install']
[0.759s] Level 1:colcon.colcon_core.package_identification:_identify(.) by extension 'ignore'
[0.759s] Level 1:colcon.colcon_core.package_identification:_identify(.) by extension 'ignore_ament_install'
[0.759s] Level 1:colcon.colcon_core.package_identification:_identify(.) by extensions ['colcon_pkg']
[0.759s] Level 1:colcon.colcon_core.package_identification:_identify(.) by extension 'colcon_pkg'
[0.759s] Level 1:colcon.colcon_core.package_identification:_identify(.) by extensions ['colcon_meta']
[0.760s] Level 1:colcon.colcon_core.package_identification:_identify(.) by extension 'colcon_meta'
[0.760s] Level 1:colcon.colcon_core.package_identification:_identify(.) by extensions ['ros']
[0.760s] Level 1:colcon.colcon_core.package_identification:_identify(.) by extension 'ros'
[0.770s] Level 1:colcon.colcon_core.package_identification:_identify(.) by extensions ['cmake', 'python']
[0.771s] Level 1:colcon.colcon_core.package_identification:_identify(.) by extension 'cmake'
[0.771s] Level 1:colcon.colcon_core.package_identification:_identify(.) by extension 'python'
[0.771s] Level 1:colcon.colcon_core.package_identification:_identify(.) by extensions ['python_setup_py']
[0.771s] Level 1:colcon.colcon_core.package_identification:_identify(.) by extension 'python_setup_py'
[0.771s] Level 1:colcon.colcon_core.package_identification:_identify(build) by extensions ['ignore', 'ignore_ament_install']
[0.771s] Level 1:colcon.colcon_core.package_identification:_identify(build) by extension 'ignore'
[0.771s] Level 1:colcon.colcon_core.package_identification:_identify(build) ignored
[0.771s] Level 1:colcon.colcon_core.package_identification:_identify(install) by extensions ['ignore', 'ignore_ament_install']
[0.771s] Level 1:colcon.colcon_core.package_identification:_identify(install) by extension 'ignore'
[0.771s] Level 1:colcon.colcon_core.package_identification:_identify(install) ignored
[0.771s] Level 1:colcon.colcon_core.package_identification:_identify(log) by extensions ['ignore', 'ignore_ament_install']
[0.771s] Level 1:colcon.colcon_core.package_identification:_identify(log) by extension 'ignore'
[0.771s] Level 1:colcon.colcon_core.package_identification:_identify(log) ignored
[0.771s] Level 1:colcon.colcon_core.package_identification:_identify(src) by extensions ['ignore', 'ignore_ament_install']
[0.771s] Level 1:colcon.colcon_core.package_identification:_identify(src) by extension 'ignore'
[0.771s] Level 1:colcon.colcon_core.package_identification:_identify(src) by extension 'ignore_ament_install'
[0.771s] Level 1:colcon.colcon_core.package_identification:_identify(src) by extensions ['colcon_pkg']
[0.772s] Level 1:colcon.colcon_core.package_identification:_identify(src) by extension 'colcon_pkg'
[0.772s] Level 1:colcon.colcon_core.package_identification:_identify(src) by extensions ['colcon_meta']
[0.772s] Level 1:colcon.colcon_core.package_identification:_identify(src) by extension 'colcon_meta'
[0.772s] Level 1:colcon.colcon_core.package_identification:_identify(src) by extensions ['ros']
[0.772s] Level 1:colcon.colcon_core.package_identification:_identify(src) by extension 'ros'
[0.772s] Level 1:colcon.colcon_core.package_identification:_identify(src) by extensions ['cmake', 'python']
[0.772s] Level 1:colcon.colcon_core.package_identification:_identify(src) by extension 'cmake'
[0.772s] Level 1:colcon.colcon_core.package_identification:_identify(src) by extension 'python'
[0.772s] Level 1:colcon.colcon_core.package_identification:_identify(src) by extensions ['python_setup_py']
[0.772s] Level 1:colcon.colcon_core.package_identification:_identify(src) by extension 'python_setup_py'
[0.772s] Level 1:colcon.colcon_core.package_identification:_identify(src/warehouse_bot) by extensions ['ignore', 'ignore_ament_install']
[0.772s] Level 1:colcon.colcon_core.package_identification:_identify(src/warehouse_bot) by extension 'ignore'
[0.772s] Level 1:colcon.colcon_core.package_identification:_identify(src/warehouse_bot) by extension 'ignore_ament_install'
[0.772s] Level 1:colcon.colcon_core.package_identification:_identify(src/warehouse_bot) by extensions ['colcon_pkg']
[0.772s] Level 1:colcon.colcon_core.package_identification:_identify(src/warehouse_bot) by extension 'colcon_pkg'
[0.772s] Level 1:colcon.colcon_core.package_identification:_identify(src/warehouse_bot) by extensions ['colcon_meta']
[0.772s] Level 1:colcon.colcon_core.package_identification:_identify(src/warehouse_bot) by extension 'colcon_meta'
[0.772s] Level 1:colcon.colcon_core.package_identification:_identify(src/warehouse_bot) by extensions ['ros']
[0.772s] Level 1:colcon.colcon_core.package_identification:_identify(src/warehouse_bot) by extension 'ros'
[0.772s] Level 1:colcon.colcon_core.package_identification:_identify(src/warehouse_bot) by extensions ['cmake', 'python']
[0.772s] Level 1:colcon.colcon_core.package_identification:_identify(src/warehouse_bot) by extension 'cmake'
[0.772s] Level 1:colcon.colcon_core.package_identification:_identify(src/warehouse_bot) by extension 'python'
[0.772s] Level 1:colcon.colcon_core.package_identification:_identify(src/warehouse_bot) by extensions ['python_setup_py']
[0.772s] Level 1:colcon.colcon_core.package_identification:_identify(src/warehouse_bot) by extension 'python_setup_py'
[0.772s] Level 1:colcon.colcon_core.package_identification:_identify(src/warehouse_bot/config) by extensions ['ignore', 'ignore_ament_install']
[0.772s] Level 1:colcon.colcon_core.package_identification:_identify(src/warehouse_bot/config) by extension 'ignore'
[0.772s] Level 1:colcon.colcon_core.package_identification:_identify(src/warehouse_bot/config) by extension 'ignore_ament_install'
[0.772s] Level 1:colcon.colcon_core.package_identification:_identify(src/warehouse_bot/config) by extensions ['colcon_pkg']
[0.773s] Level 1:colcon.colcon_core.package_identification:_identify(src/warehouse_bot/config) by extension 'colcon_pkg'
[0.773s] Level 1:colcon.colcon_core.package_identification:_identify(src/warehouse_bot/config) by extensions ['colcon_meta']
[0.773s] Level 1:colcon.colcon_core.package_identification:_identify(src/warehouse_bot/config) by extension 'colcon_meta'
[0.773s] Level 1:colcon.colcon_core.package_identification:_identify(src/warehouse_bot/config) by extensions ['ros']
[0.773s] Level 1:colcon.colcon_core.package_identification:_identify(src/warehouse_bot/config) by extension 'ros'
[0.773s] Level 1:colcon.colcon_core.package_identification:_identify(src/warehouse_bot/config) by extensions ['cmake', 'python']
[0.773s] Level 1:colcon.colcon_core.package_identification:_identify(src/warehouse_bot/config) by extension 'cmake'
[0.773s] Level 1:colcon.colcon_core.package_identification:_identify(src/warehouse_bot/config) by extension 'python'
[0.773s] Level 1:colcon.colcon_core.package_identification:_identify(src/warehouse_bot/config) by extensions ['python_setup_py']
[0.773s] Level 1:colcon.colcon_core.package_identification:_identify(src/warehouse_bot/config) by extension 'python_setup_py'
[0.773s] Level 1:colcon.colcon_core.package_identification:_identify(src/warehouse_bot/launch) by extensions ['ignore', 'ignore_ament_install']
[0.773s] Level 1:colcon.colcon_core.package_identification:_identify(src/warehouse_bot/launch) by extension 'ignore'
[0.773s] Level 1:colcon.colcon_core.package_identification:_identify(src/warehouse_bot/launch) by extension 'ignore_ament_install'
[0.773s] Level 1:colcon.colcon_core.package_identification:_identify(src/warehouse_bot/launch) by extensions ['colcon_pkg']
[0.773s] Level 1:colcon.colcon_core.package_identification:_identify(src/warehouse_bot/launch) by extension 'colcon_pkg'
[0.773s] Level 1:colcon.colcon_core.package_identification:_identify(src/warehouse_bot/launch) by extensions ['colcon_meta']
[0.773s] Level 1:colcon.colcon_core.package_identification:_identify(src/warehouse_bot/launch) by extension 'colcon_meta'
[0.773s] Level 1:colcon.colcon_core.package_identification:_identify(src/warehouse_bot/launch) by extensions ['ros']
[0.773s] Level 1:colcon.colcon_core.package_identification:_identify(src/warehouse_bot/launch) by extension 'ros'
[0.773s] Level 1:colcon.colcon_core.package_identification:_identify(src/warehouse_bot/launch) by extensions ['cmake', 'python']
[0.773s] Level 1:colcon.colcon_core.package_identification:_identify(src/warehouse_bot/launch) by extension 'cmake'
[0.773s] Level 1:colcon.colcon_core.package_identification:_identify(src/warehouse_bot/launch) by extension 'python'
[0.773s] Level 1:colcon.colcon_core.package_identification:_identify(src/warehouse_bot/launch) by extensions ['python_setup_py']
[0.773s] Level 1:colcon.colcon_core.package_identification:_identify(src/warehouse_bot/launch) by extension 'python_setup_py'
[0.773s] Level 1:colcon.colcon_core.package_identification:_identify(src/warehouse_bot/scripts) by extensions ['ignore', 'ignore_ament_install']
[0.773s] Level 1:colcon.colcon_core.package_identification:_identify(src/warehouse_bot/scripts) by extension 'ignore'
[0.773s] Level 1:colcon.colcon_core.package_identification:_identify(src/warehouse_bot/scripts) by extension 'ignore_ament_install'
[0.773s] Level 1:colcon.colcon_core.package_identification:_identify(src/warehouse_bot/scripts) by extensions ['colcon_pkg']
[0.773s] Level 1:colcon.colcon_core.package_identification:_identify(src/warehouse_bot/scripts) by extension 'colcon_pkg'
[0.773s] Level 1:colcon.colcon_core.package_identification:_identify(src/warehouse_bot/scripts) by extensions ['colcon_meta']
[0.774s] Level 1:colcon.colcon_core.package_identification:_identify(src/warehouse_bot/scripts) by extension 'colcon_meta'
[0.774s] Level 1:colcon.colcon_core.package_identification:_identify(src/warehouse_bot/scripts) by extensions ['ros']
[0.774s] Level 1:colcon.colcon_core.package_identification:_identify(src/warehouse_bot/scripts) by extension 'ros'
[0.774s] Level 1:colcon.colcon_core.package_identification:_identify(src/warehouse_bot/scripts) by extensions ['cmake', 'python']
[0.774s] Level 1:colcon.colcon_core.package_identification:_identify(src/warehouse_bot/scripts) by extension 'cmake'
[0.774s] Level 1:colcon.colcon_core.package_identification:_identify(src/warehouse_bot/scripts) by extension 'python'
[0.774s] Level 1:colcon.colcon_core.package_identification:_identify(src/warehouse_bot/scripts) by extensions ['python_setup_py']
[0.774s] Level 1:colcon.colcon_core.package_identification:_identify(src/warehouse_bot/scripts) by extension 'python_setup_py'
[0.774s] Level 1:colcon.colcon_core.package_identification:_identify(src/warehouse_bot/urdf) by extensions ['ignore', 'ignore_ament_install']
[0.774s] Level 1:colcon.colcon_core.package_identification:_identify(src/warehouse_bot/urdf) by extension 'ignore'
[0.774s] Level 1:colcon.colcon_core.package_identification:_identify(src/warehouse_bot/urdf) by extension 'ignore_ament_install'
[0.774s] Level 1:colcon.colcon_core.package_identification:_identify(src/warehouse_bot/urdf) by extensions ['colcon_pkg']
[0.774s] Level 1:colcon.colcon_core.package_identification:_identify(src/warehouse_bot/urdf) by extension 'colcon_pkg'
[0.774s] Level 1:colcon.colcon_core.package_identification:_identify(src/warehouse_bot/urdf) by extensions ['colcon_meta']
[0.774s] Level 1:colcon.colcon_core.package_identification:_identify(src/warehouse_bot/urdf) by extension 'colcon_meta'
[0.774s] Level 1:colcon.colcon_core.package_identification:_identify(src/warehouse_bot/urdf) by extensions ['ros']
[0.774s] Level 1:colcon.colcon_core.package_identification:_identify(src/warehouse_bot/urdf) by extension 'ros'
[0.774s] Level 1:colcon.colcon_core.package_identification:_identify(src/warehouse_bot/urdf) by extensions ['cmake', 'python']
[0.774s] Level 1:colcon.colcon_core.package_identification:_identify(src/warehouse_bot/urdf) by extension 'cmake'
[0.774s] Level 1:colcon.colcon_core.package_identification:_identify(src/warehouse_bot/urdf) by extension 'python'
[0.774s] Level 1:colcon.colcon_core.package_identification:_identify(src/warehouse_bot/urdf) by extensions ['python_setup_py']
[0.774s] Level 1:colcon.colcon_core.package_identification:_identify(src/warehouse_bot/urdf) by extension 'python_setup_py'
[0.775s] Level 1:colcon.colcon_core.package_identification:_identify(src/warehouse_bot/worlds) by extensions ['ignore', 'ignore_ament_install']
[0.775s] Level 1:colcon.colcon_core.package_identification:_identify(src/warehouse_bot/worlds) by extension 'ignore'
[0.775s] Level 1:colcon.colcon_core.package_identification:_identify(src/warehouse_bot/worlds) by extension 'ignore_ament_install'
[0.775s] Level 1:colcon.colcon_core.package_identification:_identify(src/warehouse_bot/worlds) by extensions ['colcon_pkg']
[0.775s] Level 1:colcon.colcon_core.package_identification:_identify(src/warehouse_bot/worlds) by extension 'colcon_pkg'
[0.775s] Level 1:colcon.colcon_core.package_identification:_identify(src/warehouse_bot/worlds) by extensions ['colcon_meta']
[0.775s] Level 1:colcon.colcon_core.package_identification:_identify(src/warehouse_bot/worlds) by extension 'colcon_meta'
[0.775s] Level 1:colcon.colcon_core.package_identification:_identify(src/warehouse_bot/worlds) by extensions ['ros']
[0.775s] Level 1:colcon.colcon_core.package_identification:_identify(src/warehouse_bot/worlds) by extension 'ros'
[0.775s] Level 1:colcon.colcon_core.package_identification:_identify(src/warehouse_bot/worlds) by extensions ['cmake', 'python']
[0.775s] Level 1:colcon.colcon_core.package_identification:_identify(src/warehouse_bot/worlds) by extension 'cmake'
[0.775s] Level 1:colcon.colcon_core.package_identification:_identify(src/warehouse_bot/worlds) by extension 'python'
[0.775s] Level 1:colcon.colcon_core.package_identification:_identify(src/warehouse_bot/worlds) by extensions ['python_setup_py']
[0.775s] Level 1:colcon.colcon_core.package_identification:_identify(src/warehouse_bot/worlds) by extension 'python_setup_py'
[0.775s] Level 1:colcon.colcon_core.package_identification:_identify(src/warehouse_robot_description) by extensions ['ignore', 'ignore_ament_install']
[0.775s] Level 1:colcon.colcon_core.package_identification:_identify(src/warehouse_robot_description) by extension 'ignore'
[0.775s] Level 1:colcon.colcon_core.package_identification:_identify(src/warehouse_robot_description) by extension 'ignore_ament_install'
[0.775s] Level 1:colcon.colcon_core.package_identification:_identify(src/warehouse_robot_description) by extensions ['colcon_pkg']
[0.775s] Level 1:colcon.colcon_core.package_identification:_identify(src/warehouse_robot_description) by extension 'colcon_pkg'
[0.775s] Level 1:colcon.colcon_core.package_identification:_identify(src/warehouse_robot_description) by extensions ['colcon_meta']
[0.775s] Level 1:colcon.colcon_core.package_identification:_identify(src/warehouse_robot_description) by extension 'colcon_meta'
[0.775s] Level 1:colcon.colcon_core.package_identification:_identify(src/warehouse_robot_description) by extensions ['ros']
[0.776s] Level 1:colcon.colcon_core.package_identification:_identify(src/warehouse_robot_description) by extension 'ros'
[0.778s] DEBUG:colcon.colcon_core.package_identification:Package 'src/warehouse_robot_description' with type 'ros.ament_cmake' and name 'warehouse_robot_description'
[0.778s] Level 1:colcon.colcon_core.package_discovery:discover_packages(recursive) using defaults
[0.778s] Level 1:colcon.colcon_core.package_discovery:discover_packages(ignore) discover
[0.778s] Level 1:colcon.colcon_core.package_discovery:discover_packages(ignore) using defaults
[0.778s] Level 1:colcon.colcon_core.package_discovery:discover_packages(path) discover
[0.778s] Level 1:colcon.colcon_core.package_discovery:discover_packages(path) using defaults
[0.801s] Level 1:colcon.colcon_core.package_discovery:discover_packages(prefix_path) check parameters
[0.801s] Level 1:colcon.colcon_core.package_discovery:discover_packages(prefix_path) discover
[0.814s] DEBUG:colcon.colcon_installed_package_information.package_discovery:Found 1 installed packages in /home/agam8/ros2_proj/install
[0.816s] DEBUG:colcon.colcon_installed_package_information.package_discovery:Found 446 installed packages in /opt/ros/humble
[0.819s] Level 1:colcon.colcon_core.package_discovery:discover_packages(prefix_path) using defaults
[0.892s] Level 5:colcon.colcon_core.verb:set package 'warehouse_robot_description' build argument 'cmake_args' from command line to 'None'
[0.892s] Level 5:colcon.colcon_core.verb:set package 'warehouse_robot_description' build argument 'cmake_target' from command line to 'None'
[0.892s] Level 5:colcon.colcon_core.verb:set package 'warehouse_robot_description' build argument 'cmake_target_skip_unavailable' from command line to 'False'
[0.892s] Level 5:colcon.colcon_core.verb:set package 'warehouse_robot_description' build argument 'cmake_clean_cache' from command line to 'False'
[0.892s] Level 5:colcon.colcon_core.verb:set package 'warehouse_robot_description' build argument 'cmake_clean_first' from command line to 'False'
[0.892s] Level 5:colcon.colcon_core.verb:set package 'warehouse_robot_description' build argument 'cmake_force_configure' from command line to 'False'
[0.892s] Level 5:colcon.colcon_core.verb:set package 'warehouse_robot_description' build argument 'ament_cmake_args' from command line to 'None'
[0.892s] Level 5:colcon.colcon_core.verb:set package 'warehouse_robot_description' build argument 'catkin_cmake_args' from command line to 'None'
[0.892s] Level 5:colcon.colcon_core.verb:set package 'warehouse_robot_description' build argument 'catkin_skip_building_tests' from command line to 'False'
[0.892s] DEBUG:colcon.colcon_core.verb:Building package 'warehouse_robot_description' with the following arguments: {'ament_cmake_args': None, 'build_base': '/home/agam8/ros2_proj/build/warehouse_robot_description', 'catkin_cmake_args': None, 'catkin_skip_building_tests': False, 'cmake_args': None, 'cmake_clean_cache': False, 'cmake_clean_first': False, 'cmake_force_configure': False, 'cmake_target': None, 'cmake_target_skip_unavailable': False, 'install_base': '/home/agam8/ros2_proj/install/warehouse_robot_description', 'merge_install': False, 'path': '/home/agam8/ros2_proj/src/warehouse_robot_description', 'symlink_install': False, 'test_result_base': None}
[0.892s] INFO:colcon.colcon_core.executor:Executing jobs using 'parallel' executor
[0.893s] DEBUG:colcon.colcon_parallel_executor.executor.parallel:run_until_complete
[0.893s] INFO:colcon.colcon_ros.task.ament_cmake.build:Building ROS package in '/home/agam8/ros2_proj/src/warehouse_robot_description' with build type 'ament_cmake'
[0.893s] INFO:colcon.colcon_cmake.task.cmake.build:Building CMake package in '/home/agam8/ros2_proj/src/warehouse_robot_description'
[0.896s] INFO:colcon.colcon_core.plugin_system:Skipping extension 'colcon_core.shell.bat': Not used on non-Windows systems
[0.896s] INFO:colcon.colcon_core.shell:Skip shell extension 'powershell' for command environment: Not usable outside of PowerShell
[0.896s] DEBUG:colcon.colcon_core.shell:Skip shell extension 'dsv' for command environment
[0.912s] DEBUG:colcon.colcon_core.event_handler.log_command:Invoking command in '/home/agam8/ros2_proj/build/warehouse_robot_description': CMAKE_PREFIX_PATH=${CMAKE_PREFIX_PATH}:/opt/ros/humble /usr/bin/cmake --build /home/agam8/ros2_proj/build/warehouse_robot_description -- -j16 -l16
[0.955s] DEBUG:colcon.colcon_core.event_handler.log_command:Invoked command in '/home/agam8/ros2_proj/build/warehouse_robot_description' returned '0': CMAKE_PREFIX_PATH=${CMAKE_PREFIX_PATH}:/opt/ros/humble /usr/bin/cmake --build /home/agam8/ros2_proj/build/warehouse_robot_description -- -j16 -l16
[0.962s] DEBUG:colcon.colcon_core.event_handler.log_command:Invoking command in '/home/agam8/ros2_proj/build/warehouse_robot_description': CMAKE_PREFIX_PATH=${CMAKE_PREFIX_PATH}:/opt/ros/humble /usr/bin/cmake --install /home/agam8/ros2_proj/build/warehouse_robot_description
[0.977s] Level 1:colcon.colcon_core.environment:create_environment_scripts_only(warehouse_robot_description)
[0.978s] DEBUG:colcon.colcon_core.event_handler.log_command:Invoked command in '/home/agam8/ros2_proj/build/warehouse_robot_description' returned '0': CMAKE_PREFIX_PATH=${CMAKE_PREFIX_PATH}:/opt/ros/humble /usr/bin/cmake --install /home/agam8/ros2_proj/build/warehouse_robot_description
[0.980s] Level 1:colcon.colcon_core.environment:checking '/home/agam8/ros2_proj/install/warehouse_robot_description' for CMake module files
[0.981s] Level 1:colcon.colcon_core.environment:checking '/home/agam8/ros2_proj/install/warehouse_robot_description' for CMake config files
[0.981s] Level 1:colcon.colcon_core.shell:create_environment_hook('warehouse_robot_description', 'cmake_prefix_path')
[0.981s] INFO:colcon.colcon_core.shell:Creating environment hook '/home/agam8/ros2_proj/install/warehouse_robot_description/share/warehouse_robot_description/hook/cmake_prefix_path.ps1'
[0.982s] INFO:colcon.colcon_core.shell:Creating environment descriptor '/home/agam8/ros2_proj/install/warehouse_robot_description/share/warehouse_robot_description/hook/cmake_prefix_path.dsv'
[0.983s] INFO:colcon.colcon_core.shell:Creating environment hook '/home/agam8/ros2_proj/install/warehouse_robot_description/share/warehouse_robot_description/hook/cmake_prefix_path.sh'
[0.983s] Level 1:colcon.colcon_core.environment:checking '/home/agam8/ros2_proj/install/warehouse_robot_description/lib'
[0.984s] Level 1:colcon.colcon_core.environment:checking '/home/agam8/ros2_proj/install/warehouse_robot_description/bin'
[0.984s] Level 1:colcon.colcon_core.environment:checking '/home/agam8/ros2_proj/install/warehouse_robot_description/lib/pkgconfig/warehouse_robot_description.pc'
[0.984s] Level 1:colcon.colcon_core.environment:checking '/home/agam8/ros2_proj/install/warehouse_robot_description/lib/python3.10/site-packages'
[0.984s] Level 1:colcon.colcon_core.environment:checking '/home/agam8/ros2_proj/install/warehouse_robot_description/bin'
[0.984s] INFO:colcon.colcon_core.shell:Creating package script '/home/agam8/ros2_proj/install/warehouse_robot_description/share/warehouse_robot_description/package.ps1'
[0.985s] INFO:colcon.colcon_core.shell:Creating package descriptor '/home/agam8/ros2_proj/install/warehouse_robot_description/share/warehouse_robot_description/package.dsv'
[0.985s] INFO:colcon.colcon_core.shell:Creating package script '/home/agam8/ros2_proj/install/warehouse_robot_description/share/warehouse_robot_description/package.sh'
[0.986s] INFO:colcon.colcon_core.shell:Creating package script '/home/agam8/ros2_proj/install/warehouse_robot_description/share/warehouse_robot_description/package.bash'
[0.987s] INFO:colcon.colcon_core.shell:Creating package script '/home/agam8/ros2_proj/install/warehouse_robot_description/share/warehouse_robot_description/package.zsh'
[0.988s] Level 1:colcon.colcon_core.environment:create_file_with_runtime_dependencies(/home/agam8/ros2_proj/install/warehouse_robot_description/share/colcon-core/packages/warehouse_robot_description)
[0.988s] Level 1:colcon.colcon_core.environment:create_environment_scripts_only(warehouse_robot_description)
[0.988s] Level 1:colcon.colcon_core.environment:checking '/home/agam8/ros2_proj/install/warehouse_robot_description' for CMake module files
[0.989s] Level 1:colcon.colcon_core.environment:checking '/home/agam8/ros2_proj/install/warehouse_robot_description' for CMake config files
[0.989s] Level 1:colcon.colcon_core.shell:create_environment_hook('warehouse_robot_description', 'cmake_prefix_path')
[0.989s] INFO:colcon.colcon_core.shell:Creating environment hook '/home/agam8/ros2_proj/install/warehouse_robot_description/share/warehouse_robot_description/hook/cmake_prefix_path.ps1'
[0.989s] INFO:colcon.colcon_core.shell:Creating environment descriptor '/home/agam8/ros2_proj/install/warehouse_robot_description/share/warehouse_robot_description/hook/cmake_prefix_path.dsv'
[0.990s] INFO:colcon.colcon_core.shell:Creating environment hook '/home/agam8/ros2_proj/install/warehouse_robot_description/share/warehouse_robot_description/hook/cmake_prefix_path.sh'
[0.990s] Level 1:colcon.colcon_core.environment:checking '/home/agam8/ros2_proj/install/warehouse_robot_description/lib'
[0.990s] Level 1:colcon.colcon_core.environment:checking '/home/agam8/ros2_proj/install/warehouse_robot_description/bin'
[0.990s] Level 1:colcon.colcon_core.environment:checking '/home/agam8/ros2_proj/install/warehouse_robot_description/lib/pkgconfig/warehouse_robot_description.pc'
[0.990s] Level 1:colcon.colcon_core.environment:checking '/home/agam8/ros2_proj/install/warehouse_robot_description/lib/python3.10/site-packages'
[0.990s] Level 1:colcon.colcon_core.environment:checking '/home/agam8/ros2_proj/install/warehouse_robot_description/bin'
[0.991s] INFO:colcon.colcon_core.shell:Creating package script '/home/agam8/ros2_proj/install/warehouse_robot_description/share/warehouse_robot_description/package.ps1'
[0.991s] INFO:colcon.colcon_core.shell:Creating package descriptor '/home/agam8/ros2_proj/install/warehouse_robot_description/share/warehouse_robot_description/package.dsv'
[0.991s] INFO:colcon.colcon_core.shell:Creating package script '/home/agam8/ros2_proj/install/warehouse_robot_description/share/warehouse_robot_description/package.sh'
[0.992s] INFO:colcon.colcon_core.shell:Creating package script '/home/agam8/ros2_proj/install/warehouse_robot_description/share/warehouse_robot_description/package.bash'
[0.992s] INFO:colcon.colcon_core.shell:Creating package script '/home/agam8/ros2_proj/install/warehouse_robot_description/share/warehouse_robot_description/package.zsh'
[0.992s] Level 1:colcon.colcon_core.environment:create_file_with_runtime_dependencies(/home/agam8/ros2_proj/install/warehouse_robot_description/share/colcon-core/packages/warehouse_robot_description)
[0.992s] DEBUG:colcon.colcon_parallel_executor.executor.parallel:closing loop
[0.993s] DEBUG:colcon.colcon_parallel_executor.executor.parallel:loop closed
[0.993s] DEBUG:colcon.colcon_parallel_executor.executor.parallel:run_until_complete finished with '0'
[0.993s] DEBUG:colcon.colcon_core.event_reactor:joining thread
[1.103s] INFO:colcon.colcon_core.plugin_system:Skipping extension 'colcon_notification.desktop_notification.notify_send': Could not find 'notify-send'
[1.103s] INFO:colcon.colcon_core.plugin_system:Skipping extension 'colcon_notification.desktop_notification.terminal_notifier': Not used on non-Darwin systems
[1.103s] INFO:colcon.colcon_core.plugin_system:Skipping extension 'colcon_notification.desktop_notification.win32': Not used on non-Windows systems
[1.103s] INFO:colcon.colcon_notification.desktop_notification:Sending desktop notification using 'notify2'
[1.103s] DEBUG:colcon.colcon_notification.desktop_notification.notify2:Failed to initialize notify2: org.freedesktop.DBus.Error.FileNotFound: Failed to connect to socket /run/user/1000/bus: No such file or directory
[1.103s] DEBUG:colcon.colcon_core.event_reactor:joined thread
[1.104s] INFO:colcon.colcon_core.shell:Creating prefix script '/home/agam8/ros2_proj/install/local_setup.ps1'
[1.105s] INFO:colcon.colcon_core.shell:Creating prefix util module '/home/agam8/ros2_proj/install/_local_setup_util_ps1.py'
[1.106s] INFO:colcon.colcon_core.shell:Creating prefix chain script '/home/agam8/ros2_proj/install/setup.ps1'
[1.109s] INFO:colcon.colcon_core.shell:Creating prefix script '/home/agam8/ros2_proj/install/local_setup.sh'
[1.111s] INFO:colcon.colcon_core.shell:Creating prefix util module '/home/agam8/ros2_proj/install/_local_setup_util_sh.py'
[1.113s] INFO:colcon.colcon_core.shell:Creating prefix chain script '/home/agam8/ros2_proj/install/setup.sh'
[1.114s] INFO:colcon.colcon_core.shell:Creating prefix script '/home/agam8/ros2_proj/install/local_setup.bash'
[1.114s] INFO:colcon.colcon_core.shell:Creating prefix chain script '/home/agam8/ros2_proj/install/setup.bash'
[1.115s] INFO:colcon.colcon_core.shell:Creating prefix script '/home/agam8/ros2_proj/install/local_setup.zsh'
[1.115s] INFO:colcon.colcon_core.shell:Creating prefix chain script '/home/agam8/ros2_proj/install/setup.zsh'
